Added file D:\Users\xiaohua\workspace\TestCase\build.xml
Buildfile: D:\Users\xiaohua\workspace\TestCase\build.xml

-check-env:
 [checkenv] Android SDK Tools Revision 22.2.1
 [checkenv] Installed at D:\adt-bundle-windows-x86_64-20130917\sdk

-build-setup:
[getbuildtools] Using latest Build Tools: 18.1.0
     [echo] Resolving Build Target for OpenExitCase...
[getuitarget] Project Target:   Android 4.3
[getuitarget] API level:        18
     [echo] ----------
     [echo] Creating output directories if needed...
    [mkdir] Created dir: D:\Users\xiaohua\workspace\TestCase\bin\classes

-pre-compile:

compile:
    [javac] Compiling 2 source files to D:\Users\xiaohua\workspace\TestCase\bin\classes
    [javac] ����: [options] Դֵ1.5�ѹ�ʱ, ����δ�����з��а���ɾ��
    [javac] ����: [options] Ŀ��ֵ1.5�ѹ�ʱ, ����δ�����з��а���ɾ��
    [javac] ����: [options] Ҫ�����й��ѹ�ʱѡ��ľ���, ��ʹ�� -Xlint:-options��
    [javac] 3 ������

-post-compile:

-dex:
      [dex] input: D:\Users\xiaohua\workspace\TestCase\bin\classes
      [dex] Converting compiled files and external libraries into D:\Users\xiaohua\workspace\TestCase\bin\classes.dex...

-post-dex:

-jar:
      [jar] Building jar: D:\Users\xiaohua\workspace\TestCase\bin\OpenExitCase.jar

-post-jar:

build:

BUILD SUCCESSFUL
Total time: 3 seconds
721 KB/s (5177 bytes in 0.007s)
INSTRUMENTATION_STATUS: numtests=1

INSTRUMENTATION_STATUS: stream=

com.Gfan.OpenExitCase:

INSTRUMENTATION_STATUS: id=UiAutomatorTestRunner

INSTRUMENTATION_STATUS: test=testOpenGfan

INSTRUMENTATION_STATUS: class=com.Gfan.OpenExitCase

INSTRUMENTATION_STATUS: current=1

INSTRUMENTATION_STATUS_CODE: 1

INSTRUMENTATION_STATUS: numtests=1

INSTRUMENTATION_STATUS: stream=.

INSTRUMENTATION_STATUS: id=UiAutomatorTestRunner

INSTRUMENTATION_STATUS: test=testOpenGfan

INSTRUMENTATION_STATUS: class=com.Gfan.OpenExitCase

INSTRUMENTATION_STATUS: current=1

INSTRUMENTATION_STATUS_CODE: 0

INSTRUMENTATION_STATUS: stream=

Test results for WatcherResultPrinter=.

Time: 2.236



OK (1 test)





INSTRUMENTATION_STATUS_CODE: -1

Updated file D:\Users\xiaohua\workspace\TestCase\build.xml
Buildfile: D:\Users\xiaohua\workspace\TestCase\build.xml

-check-env:
 [checkenv] Android SDK Tools Revision 22.2.1
 [checkenv] Installed at D:\adt-bundle-windows-x86_64-20130917\sdk

-build-setup:
[getbuildtools] Using latest Build Tools: 18.1.0
     [echo] Resolving Build Target for OpenExitCase...
[getuitarget] Project Target:   Android 4.3
[getuitarget] API level:        18
     [echo] ----------
     [echo] Creating output directories if needed...

-pre-compile:

compile:

-post-compile:

-dex:
      [dex] input: D:\Users\xiaohua\workspace\TestCase\bin\classes
      [dex] Found Deleted Target File
      [dex] Converting compiled files and external libraries into D:\Users\xiaohua\workspace\TestCase\bin\classes.dex...

-post-dex:

-jar:
      [jar] Building jar: D:\Users\xiaohua\workspace\TestCase\bin\OpenExitCase.jar

-post-jar:

build:

BUILD SUCCESSFUL
Total time: 1 second
2526 KB/s (5177 bytes in 0.002s)
INSTRUMENTATION_STATUS: numtests=1

INSTRUMENTATION_STATUS: stream=

com.Gfan.OpenExitCase:

INSTRUMENTATION_STATUS: id=UiAutomatorTestRunner

INSTRUMENTATION_STATUS: test=testOpenGfan

INSTRUMENTATION_STATUS: class=com.Gfan.OpenExitCase

INSTRUMENTATION_STATUS: current=1

INSTRUMENTATION_STATUS_CODE: 1

INSTRUMENTATION_STATUS: numtests=1

INSTRUMENTATION_STATUS: stream=.

INSTRUMENTATION_STATUS: id=UiAutomatorTestRunner

INSTRUMENTATION_STATUS: test=testOpenGfan

INSTRUMENTATION_STATUS: class=com.Gfan.OpenExitCase

INSTRUMENTATION_STATUS: current=1

INSTRUMENTATION_STATUS_CODE: 0

INSTRUMENTATION_STATUS: stream=

Test results for WatcherResultPrinter=.

Time: 3.09



OK (1 test)





INSTRUMENTATION_STATUS_CODE: -1

Updated file D:\Users\xiaohua\workspace\TestCase\build.xml
Buildfile: D:\Users\xiaohua\workspace\TestCase\build.xml

-check-env:
 [checkenv] Android SDK Tools Revision 22.2.1
 [checkenv] Installed at D:\adt-bundle-windows-x86_64-20130917\sdk

-build-setup:
[getbuildtools] Using latest Build Tools: 18.1.0
     [echo] Resolving Build Target for OpenExitCase...
[getuitarget] Project Target:   Android 4.3
[getuitarget] API level:        18
     [echo] ----------
     [echo] Creating output directories if needed...

-pre-compile:

compile:
    [javac] Compiling 1 source file to D:\Users\xiaohua\workspace\TestCase\bin\classes
    [javac] ����: [options] Դֵ1.5�ѹ�ʱ, ����δ�����з��а���ɾ��
    [javac] ����: [options] Ŀ��ֵ1.5�ѹ�ʱ, ����δ�����з��а���ɾ��
    [javac] ����: [options] Ҫ�����й��ѹ�ʱѡ��ľ���, ��ʹ�� -Xlint:-options��
    [javac] 3 ������

-post-compile:

-dex:
      [dex] input: D:\Users\xiaohua\workspace\TestCase\bin\classes
      [dex] Found Deleted Target File
      [dex] Converting compiled files and external libraries into D:\Users\xiaohua\workspace\TestCase\bin\classes.dex...

-post-dex:

-jar:
      [jar] Building jar: D:\Users\xiaohua\workspace\TestCase\bin\OpenExitCase.jar

-post-jar:

build:

BUILD SUCCESSFUL
Total time: 2 seconds
721 KB/s (5177 bytes in 0.007s)
INSTRUMENTATION_STATUS: numtests=1

INSTRUMENTATION_STATUS: stream=

com.Gfan.OpenExitCase:

INSTRUMENTATION_STATUS: id=UiAutomatorTestRunner

INSTRUMENTATION_STATUS: test=testOpenGfan

INSTRUMENTATION_STATUS: class=com.Gfan.OpenExitCase

INSTRUMENTATION_STATUS: current=1

INSTRUMENTATION_STATUS_CODE: 1

INSTRUMENTATION_STATUS: numtests=1

INSTRUMENTATION_STATUS: stream=.

INSTRUMENTATION_STATUS: id=UiAutomatorTestRunner

INSTRUMENTATION_STATUS: test=testOpenGfan

INSTRUMENTATION_STATUS: class=com.Gfan.OpenExitCase

INSTRUMENTATION_STATUS: current=1

INSTRUMENTATION_STATUS_CODE: 0

INSTRUMENTATION_STATUS: stream=

Test results for WatcherResultPrinter=.

Time: 4.662



OK (1 test)





INSTRUMENTATION_STATUS_CODE: -1

Updated file D:\Users\xiaohua\workspace\TestCase\build.xml
Buildfile: D:\Users\xiaohua\workspace\TestCase\build.xml

-check-env:
 [checkenv] Android SDK Tools Revision 22.2.1
 [checkenv] Installed at D:\adt-bundle-windows-x86_64-20130917\sdk

-build-setup:
[getbuildtools] Using latest Build Tools: 18.1.0
     [echo] Resolving Build Target for OpenExitCase...
[getuitarget] Project Target:   Android 4.3
[getuitarget] API level:        18
     [echo] ----------
     [echo] Creating output directories if needed...

-pre-compile:

compile:

-post-compile:

-dex:
      [dex] input: D:\Users\xiaohua\workspace\TestCase\bin\classes
      [dex] Found Deleted Target File
      [dex] Converting compiled files and external libraries into D:\Users\xiaohua\workspace\TestCase\bin\classes.dex...

-post-dex:

-jar:
      [jar] Building jar: D:\Users\xiaohua\workspace\TestCase\bin\OpenExitCase.jar

-post-jar:

build:

BUILD SUCCESSFUL
Total time: 1 second
721 KB/s (5177 bytes in 0.007s)
INSTRUMENTATION_STATUS: numtests=1

INSTRUMENTATION_STATUS: stream=

com.Gfan.OpenExitCase:

INSTRUMENTATION_STATUS: id=UiAutomatorTestRunner

INSTRUMENTATION_STATUS: test=testOpenGfan

INSTRUMENTATION_STATUS: class=com.Gfan.OpenExitCase

INSTRUMENTATION_STATUS: current=1

INSTRUMENTATION_STATUS_CODE: 1

INSTRUMENTATION_STATUS: numtests=1

INSTRUMENTATION_STATUS: stream=.

INSTRUMENTATION_STATUS: id=UiAutomatorTestRunner

INSTRUMENTATION_STATUS: test=testOpenGfan

INSTRUMENTATION_STATUS: class=com.Gfan.OpenExitCase

INSTRUMENTATION_STATUS: current=1

INSTRUMENTATION_STATUS_CODE: 0

INSTRUMENTATION_STATUS: stream=

Test results for WatcherResultPrinter=.

Time: 4.677



OK (1 test)





INSTRUMENTATION_STATUS_CODE: -1

Updated file D:\Users\xiaohua\workspace\TestCase\build.xml
Buildfile: D:\Users\xiaohua\workspace\TestCase\build.xml

-check-env:
 [checkenv] Android SDK Tools Revision 22.2.1
 [checkenv] Installed at D:\adt-bundle-windows-x86_64-20130917\sdk

-build-setup:
[getbuildtools] Using latest Build Tools: 18.1.0
     [echo] Resolving Build Target for OpenExitCase...
[getuitarget] Project Target:   Android 4.3
[getuitarget] API level:        18
     [echo] ----------
     [echo] Creating output directories if needed...

-pre-compile:

compile:
    [javac] Compiling 1 source file to D:\Users\xiaohua\workspace\TestCase\bin\classes
    [javac] ����: [options] Դֵ1.5�ѹ�ʱ, ����δ�����з��а���ɾ��
    [javac] ����: [options] Ŀ��ֵ1.5�ѹ�ʱ, ����δ�����з��а���ɾ��
    [javac] ����: [options] Ҫ�����й��ѹ�ʱѡ��ľ���, ��ʹ�� -Xlint:-options��
    [javac] 3 ������

-post-compile:

-dex:
      [dex] input: D:\Users\xiaohua\workspace\TestCase\bin\classes
      [dex] Found Deleted Target File
      [dex] Converting compiled files and external libraries into D:\Users\xiaohua\workspace\TestCase\bin\classes.dex...

-post-dex:

-jar:
      [jar] Building jar: D:\Users\xiaohua\workspace\TestCase\bin\OpenExitCase.jar

-post-jar:

build:

BUILD SUCCESSFUL
Total time: 2 seconds
552 KB/s (5095 bytes in 0.009s)
INSTRUMENTATION_STATUS: numtests=1

INSTRUMENTATION_STATUS: stream=

com.Gfan.OpenExitCase:

INSTRUMENTATION_STATUS: id=UiAutomatorTestRunner

INSTRUMENTATION_STATUS: test=testOpenGfan

INSTRUMENTATION_STATUS: class=com.Gfan.OpenExitCase

INSTRUMENTATION_STATUS: current=1

INSTRUMENTATION_STATUS_CODE: 1

INSTRUMENTATION_STATUS: numtests=1

INSTRUMENTATION_STATUS: stream=.

INSTRUMENTATION_STATUS: id=UiAutomatorTestRunner

INSTRUMENTATION_STATUS: test=testOpenGfan

INSTRUMENTATION_STATUS: class=com.Gfan.OpenExitCase

INSTRUMENTATION_STATUS: current=1

INSTRUMENTATION_STATUS_CODE: 0

INSTRUMENTATION_STATUS: stream=

Test results for WatcherResultPrinter=.

Time: 1.672



OK (1 test)





INSTRUMENTATION_STATUS_CODE: -1

Error: Target id is not valid. Use 'android.bat list targets' to get the target ids.
Buildfile: D:\Users\xiaohua\workspace\TestCase\build.xml

-check-env:
 [checkenv] Android SDK Tools Revision 22.2.1
 [checkenv] Installed at D:\adt-bundle-windows-x86_64-20130917\sdk

-build-setup:
[getbuildtools] Using latest Build Tools: 18.1.0
     [echo] Resolving Build Target for OpenExitCase...
[getuitarget] Project Target:   Android 4.3
[getuitarget] API level:        18
     [echo] ----------
     [echo] Creating output directories if needed...

-pre-compile:

compile:
    [javac] Compiling 1 source file to D:\Users\xiaohua\workspace\TestCase\bin\classes
    [javac] ����: [options] Դֵ1.5�ѹ�ʱ, ����δ�����з��а���ɾ��
    [javac] ����: [options] Ŀ��ֵ1.5�ѹ�ʱ, ����δ�����з��а���ɾ��
    [javac] ����: [options] Ҫ�����й��ѹ�ʱѡ��ľ���, ��ʹ�� -Xlint:-options��
    [javac] 3 ������

-post-compile:

-dex:
      [dex] input: D:\Users\xiaohua\workspace\TestCase\bin\classes
      [dex] Found Deleted Target File
      [dex] Converting compiled files and external libraries into D:\Users\xiaohua\workspace\TestCase\bin\classes.dex...

-post-dex:

-jar:
      [jar] Building jar: D:\Users\xiaohua\workspace\TestCase\bin\OpenExitCase.jar

-post-jar:

build:

BUILD SUCCESSFUL
Total time: 1 second
Updated file D:\Users\xiaohua\workspace\TestCase\build.xml
Buildfile: D:\Users\xiaohua\workspace\TestCase\build.xml

-check-env:
 [checkenv] Android SDK Tools Revision 22.2.1
 [checkenv] Installed at D:\adt-bundle-windows-x86_64-20130917\sdk

-build-setup:
[getbuildtools] Using latest Build Tools: 18.1.0
     [echo] Resolving Build Target for OpenExitCase...
[getuitarget] Project Target:   Android 4.3
[getuitarget] API level:        18
     [echo] ----------
     [echo] Creating output directories if needed...

-pre-compile:

compile:
    [javac] Compiling 1 source file to D:\Users\xiaohua\workspace\TestCase\bin\classes
    [javac] ����: [options] Դֵ1.5�ѹ�ʱ, ����δ�����з��а���ɾ��
    [javac] ����: [options] Ŀ��ֵ1.5�ѹ�ʱ, ����δ�����з��а���ɾ��
    [javac] ����: [options] Ҫ�����й��ѹ�ʱѡ��ľ���, ��ʹ�� -Xlint:-options��
    [javac] 3 ������

-post-compile:

-dex:
      [dex] input: D:\Users\xiaohua\workspace\TestCase\bin\classes
      [dex] Found Deleted Target File
      [dex] Converting compiled files and external libraries into D:\Users\xiaohua\workspace\TestCase\bin\classes.dex...

-post-dex:

-jar:
      [jar] Building jar: D:\Users\xiaohua\workspace\TestCase\bin\OpenExitCase.jar

-post-jar:

build:

BUILD SUCCESSFUL
Total time: 2 seconds
653 KB/s (5357 bytes in 0.008s)
INSTRUMENTATION_STATUS: numtests=1

INSTRUMENTATION_STATUS: stream=

com.Gfan.OpenExitCase:

INSTRUMENTATION_STATUS: id=UiAutomatorTestRunner

INSTRUMENTATION_STATUS: test=testOpenGfan

INSTRUMENTATION_STATUS: class=com.Gfan.OpenExitCase

INSTRUMENTATION_STATUS: current=1

INSTRUMENTATION_STATUS_CODE: 1

INSTRUMENTATION_STATUS: numtests=1

INSTRUMENTATION_STATUS: stream=.

INSTRUMENTATION_STATUS: id=UiAutomatorTestRunner

INSTRUMENTATION_STATUS: test=testOpenGfan

INSTRUMENTATION_STATUS: class=com.Gfan.OpenExitCase

INSTRUMENTATION_STATUS: current=1

INSTRUMENTATION_STATUS_CODE: 0

INSTRUMENTATION_STATUS: stream=

Test results for WatcherResultPrinter=.

Time: 6.669



OK (1 test)





INSTRUMENTATION_STATUS_CODE: -1

Updated file D:\Users\xiaohua\workspace\TestCase\build.xml
Buildfile: D:\Users\xiaohua\workspace\TestCase\build.xml

-check-env:
 [checkenv] Android SDK Tools Revision 22.2.1
 [checkenv] Installed at D:\adt-bundle-windows-x86_64-20130917\sdk

-build-setup:
[getbuildtools] Using latest Build Tools: 18.1.0
     [echo] Resolving Build Target for OpenExitCase...
[getuitarget] Project Target:   Android 4.3
[getuitarget] API level:        18
     [echo] ----------
     [echo] Creating output directories if needed...

-pre-compile:

compile:
    [javac] Compiling 1 source file to D:\Users\xiaohua\workspace\TestCase\bin\classes
    [javac] ����: [options] Դֵ1.5�ѹ�ʱ, ����δ�����з��а���ɾ��
    [javac] ����: [options] Ŀ��ֵ1.5�ѹ�ʱ, ����δ�����з��а���ɾ��
    [javac] ����: [options] Ҫ�����й��ѹ�ʱѡ��ľ���, ��ʹ�� -Xlint:-options��
    [javac] 3 ������

-post-compile:

-dex:
      [dex] input: D:\Users\xiaohua\workspace\TestCase\bin\classes
      [dex] Found Deleted Target File
      [dex] Converting compiled files and external libraries into D:\Users\xiaohua\workspace\TestCase\bin\classes.dex...

-post-dex:

-jar:
      [jar] Building jar: D:\Users\xiaohua\workspace\TestCase\bin\OpenExitCase.jar

-post-jar:

build:

BUILD SUCCESSFUL
Total time: 2 seconds
882 KB/s (5425 bytes in 0.006s)
INSTRUMENTATION_STATUS: numtests=1

INSTRUMENTATION_STATUS: stream=

com.Gfan.OpenExitCase:

INSTRUMENTATION_STATUS: id=UiAutomatorTestRunner

INSTRUMENTATION_STATUS: test=testOpenGfan

INSTRUMENTATION_STATUS: class=com.Gfan.OpenExitCase

INSTRUMENTATION_STATUS: current=1

INSTRUMENTATION_STATUS_CODE: 1

INSTRUMENTATION_STATUS: numtests=1

INSTRUMENTATION_STATUS: stream=.

INSTRUMENTATION_STATUS: id=UiAutomatorTestRunner

INSTRUMENTATION_STATUS: test=testOpenGfan

INSTRUMENTATION_STATUS: class=com.Gfan.OpenExitCase

INSTRUMENTATION_STATUS: current=1

INSTRUMENTATION_STATUS_CODE: 0

INSTRUMENTATION_STATUS: stream=

Test results for WatcherResultPrinter=.

Time: 6.649



OK (1 test)





INSTRUMENTATION_STATUS_CODE: -1

Updated file D:\Users\xiaohua\workspace\TestCase\build.xml
Buildfile: D:\Users\xiaohua\workspace\TestCase\build.xml

-check-env:
 [checkenv] Android SDK Tools Revision 22.2.1
 [checkenv] Installed at D:\adt-bundle-windows-x86_64-20130917\sdk

-build-setup:
[getbuildtools] Using latest Build Tools: 18.1.0
     [echo] Resolving Build Target for OpenExitCase...
[getuitarget] Project Target:   Android 4.3
[getuitarget] API level:        18
     [echo] ----------
     [echo] Creating output directories if needed...

-pre-compile:

compile:
    [javac] Compiling 1 source file to D:\Users\xiaohua\workspace\TestCase\bin\classes
    [javac] ����: [options] Դֵ1.5�ѹ�ʱ, ����δ�����з��а���ɾ��
    [javac] ����: [options] Ŀ��ֵ1.5�ѹ�ʱ, ����δ�����з��а���ɾ��
    [javac] ����: [options] Ҫ�����й��ѹ�ʱѡ��ľ���, ��ʹ�� -Xlint:-options��
    [javac] 3 ������

-post-compile:

-dex:
      [dex] input: D:\Users\xiaohua\workspace\TestCase\bin\classes
      [dex] Found Deleted Target File
      [dex] Converting compiled files and external libraries into D:\Users\xiaohua\workspace\TestCase\bin\classes.dex...

-post-dex:

-jar:
      [jar] Building jar: D:\Users\xiaohua\workspace\TestCase\bin\OpenExitCase.jar

-post-jar:

build:

BUILD SUCCESSFUL
Total time: 2 seconds
588 KB/s (5424 bytes in 0.009s)
INSTRUMENTATION_STATUS: numtests=1

INSTRUMENTATION_STATUS: stream=

com.Gfan.OpenExitCase:

INSTRUMENTATION_STATUS: id=UiAutomatorTestRunner

INSTRUMENTATION_STATUS: test=testCase

INSTRUMENTATION_STATUS: class=com.Gfan.OpenExitCase

INSTRUMENTATION_STATUS: current=1

INSTRUMENTATION_STATUS_CODE: 1

INSTRUMENTATION_STATUS: numtests=1

INSTRUMENTATION_STATUS: stream=.

INSTRUMENTATION_STATUS: id=UiAutomatorTestRunner

INSTRUMENTATION_STATUS: test=testCase

INSTRUMENTATION_STATUS: class=com.Gfan.OpenExitCase

INSTRUMENTATION_STATUS: current=1

INSTRUMENTATION_STATUS_CODE: 0

INSTRUMENTATION_STATUS: stream=

Test results for WatcherResultPrinter=.

Time: 10.348



OK (1 test)





INSTRUMENTATION_STATUS_CODE: -1

Updated file D:\Users\xiaohua\workspace\TestCase\build.xml
Buildfile: D:\Users\xiaohua\workspace\TestCase\build.xml

-check-env:
 [checkenv] Android SDK Tools Revision 22.2.1
 [checkenv] Installed at D:\adt-bundle-windows-x86_64-20130917\sdk

-build-setup:
[getbuildtools] Using latest Build Tools: 18.1.0
     [echo] Resolving Build Target for OpenExitCase...
[getuitarget] Project Target:   Android 4.3
[getuitarget] API level:        18
     [echo] ----------
     [echo] Creating output directories if needed...

-pre-compile:

compile:

-post-compile:

-dex:
      [dex] input: D:\Users\xiaohua\workspace\TestCase\bin\classes
      [dex] Found Deleted Target File
      [dex] Converting compiled files and external libraries into D:\Users\xiaohua\workspace\TestCase\bin\classes.dex...

-post-dex:

-jar:
      [jar] Building jar: D:\Users\xiaohua\workspace\TestCase\bin\OpenExitCase.jar

-post-jar:

build:

BUILD SUCCESSFUL
Total time: 1 second
529 KB/s (5424 bytes in 0.010s)
INSTRUMENTATION_STATUS: numtests=1

INSTRUMENTATION_STATUS: stream=

com.Gfan.OpenExitCase:

INSTRUMENTATION_STATUS: id=UiAutomatorTestRunner

INSTRUMENTATION_STATUS: test=testCase

INSTRUMENTATION_STATUS: class=com.Gfan.OpenExitCase

INSTRUMENTATION_STATUS: current=1

INSTRUMENTATION_STATUS_CODE: 1

INSTRUMENTATION_STATUS: numtests=1

INSTRUMENTATION_STATUS: stream=.

INSTRUMENTATION_STATUS: id=UiAutomatorTestRunner

INSTRUMENTATION_STATUS: test=testCase

INSTRUMENTATION_STATUS: class=com.Gfan.OpenExitCase

INSTRUMENTATION_STATUS: current=1

INSTRUMENTATION_STATUS_CODE: 0

INSTRUMENTATION_STATUS: stream=

Test results for WatcherResultPrinter=.

Time: 9.614



OK (1 test)





INSTRUMENTATION_STATUS_CODE: -1

Updated file D:\Users\xiaohua\workspace\TestCase\build.xml
Buildfile: D:\Users\xiaohua\workspace\TestCase\build.xml

-check-env:
 [checkenv] Android SDK Tools Revision 22.2.1
 [checkenv] Installed at D:\adt-bundle-windows-x86_64-20130917\sdk

-build-setup:
[getbuildtools] Using latest Build Tools: 18.1.0
     [echo] Resolving Build Target for LoginExitCase...
[getuitarget] Project Target:   Android 4.3
[getuitarget] API level:        18
     [echo] ----------
     [echo] Creating output directories if needed...

-pre-compile:

compile:
    [javac] Compiling 1 source file to D:\Users\xiaohua\workspace\TestCase\bin\classes
    [javac] ����: [options] Դֵ1.5�ѹ�ʱ, ����δ�����з��а���ɾ��
    [javac] ����: [options] Ŀ��ֵ1.5�ѹ�ʱ, ����δ�����з��а���ɾ��
    [javac] ����: [options] Ҫ�����й��ѹ�ʱѡ��ľ���, ��ʹ�� -Xlint:-options��
    [javac] 3 ������

-post-compile:

-dex:
      [dex] input: D:\Users\xiaohua\workspace\TestCase\bin\classes
      [dex] Found Deleted Target File
      [dex] Converting compiled files and external libraries into D:\Users\xiaohua\workspace\TestCase\bin\classes.dex...

-post-dex:

-jar:
      [jar] Building jar: D:\Users\xiaohua\workspace\TestCase\bin\LoginExitCase.jar

-post-jar:

build:

BUILD SUCCESSFUL
Total time: 2 seconds
1089 KB/s (5581 bytes in 0.005s)
INSTRUMENTATION_RESULT: shortMsg=java.lang.RuntimeException

INSTRUMENTATION_RESULT: longMsg=Didn't find class "com.Ggfan.LoginAndExist" on path: DexPathList[[zip file "/system/framework/android.test.runner.jar", zip file "/system/framework/uiautomator.jar", zip file "/data/local/tmp/LoginExitCase.jar"],nativeLibraryDirectories=[/vendor/lib64, /system/lib64]]

INSTRUMENTATION_CODE: 0

Updated file D:\Users\xiaohua\workspace\TestCase\build.xml
Buildfile: D:\Users\xiaohua\workspace\TestCase\build.xml

-check-env:
 [checkenv] Android SDK Tools Revision 22.2.1
 [checkenv] Installed at D:\adt-bundle-windows-x86_64-20130917\sdk

-build-setup:
[getbuildtools] Using latest Build Tools: 18.1.0
     [echo] Resolving Build Target for LoginExitCase...
[getuitarget] Project Target:   Android 4.3
[getuitarget] API level:        18
     [echo] ----------
     [echo] Creating output directories if needed...

-pre-compile:

compile:
    [javac] Compiling 1 source file to D:\Users\xiaohua\workspace\TestCase\bin\classes
    [javac] ����: [options] Դֵ1.5�ѹ�ʱ, ����δ�����з��а���ɾ��
    [javac] ����: [options] Ŀ��ֵ1.5�ѹ�ʱ, ����δ�����з��а���ɾ��
    [javac] ����: [options] Ҫ�����й��ѹ�ʱѡ��ľ���, ��ʹ�� -Xlint:-options��
    [javac] 3 ������

-post-compile:

-dex:
      [dex] input: D:\Users\xiaohua\workspace\TestCase\bin\classes
      [dex] Found Deleted Target File
      [dex] Converting compiled files and external libraries into D:\Users\xiaohua\workspace\TestCase\bin\classes.dex...

-post-dex:

-jar:
      [jar] Building jar: D:\Users\xiaohua\workspace\TestCase\bin\LoginExitCase.jar

-post-jar:

build:

BUILD SUCCESSFUL
Total time: 2 seconds
2722 KB/s (5576 bytes in 0.002s)
INSTRUMENTATION_RESULT: shortMsg=java.lang.RuntimeException

INSTRUMENTATION_RESULT: longMsg=Didn't find class "com.Ggfan.LoginExitCase" on path: DexPathList[[zip file "/system/framework/android.test.runner.jar", zip file "/system/framework/uiautomator.jar", zip file "/data/local/tmp/LoginExitCase.jar"],nativeLibraryDirectories=[/vendor/lib64, /system/lib64]]

INSTRUMENTATION_CODE: 0

Updated file D:\Users\xiaohua\workspace\TestCase\build.xml
Buildfile: D:\Users\xiaohua\workspace\TestCase\build.xml

-check-env:
 [checkenv] Android SDK Tools Revision 22.2.1
 [checkenv] Installed at D:\adt-bundle-windows-x86_64-20130917\sdk

-build-setup:
[getbuildtools] Using latest Build Tools: 18.1.0
     [echo] Resolving Build Target for LoginExitCase...
[getuitarget] Project Target:   Android 4.3
[getuitarget] API level:        18
     [echo] ----------
     [echo] Creating output directories if needed...

-pre-compile:

compile:
    [javac] Compiling 1 source file to D:\Users\xiaohua\workspace\TestCase\bin\classes
    [javac] ����: [options] Դֵ1.5�ѹ�ʱ, ����δ�����з��а���ɾ��
    [javac] ����: [options] Ŀ��ֵ1.5�ѹ�ʱ, ����δ�����з��а���ɾ��
    [javac] ����: [options] Ҫ�����й��ѹ�ʱѡ��ľ���, ��ʹ�� -Xlint:-options��
    [javac] 3 ������

-post-compile:

-dex:
      [dex] input: D:\Users\xiaohua\workspace\TestCase\bin\classes
      [dex] Found Deleted Target File
      [dex] Converting compiled files and external libraries into D:\Users\xiaohua\workspace\TestCase\bin\classes.dex...

-post-dex:

-jar:
      [jar] Building jar: D:\Users\xiaohua\workspace\TestCase\bin\LoginExitCase.jar

-post-jar:

build:

BUILD SUCCESSFUL
Total time: 2 seconds
2722 KB/s (5578 bytes in 0.002s)
INSTRUMENTATION_STATUS: numtests=1

INSTRUMENTATION_STATUS: stream=

com.Gfan.LoginExitCase:

INSTRUMENTATION_STATUS: id=UiAutomatorTestRunner

INSTRUMENTATION_STATUS: test=testCase

INSTRUMENTATION_STATUS: class=com.Gfan.LoginExitCase

INSTRUMENTATION_STATUS: current=1

INSTRUMENTATION_STATUS_CODE: 1

INSTRUMENTATION_STATUS: numtests=1

INSTRUMENTATION_STATUS: stream=.

INSTRUMENTATION_STATUS: id=UiAutomatorTestRunner

INSTRUMENTATION_STATUS: test=testCase

INSTRUMENTATION_STATUS: class=com.Gfan.LoginExitCase

INSTRUMENTATION_STATUS: current=1

INSTRUMENTATION_STATUS_CODE: 0

INSTRUMENTATION_STATUS: stream=

Test results for WatcherResultPrinter=.

Time: 0.173



OK (1 test)





INSTRUMENTATION_STATUS_CODE: -1

Updated file D:\Users\xiaohua\workspace\TestCase\build.xml
Buildfile: D:\Users\xiaohua\workspace\TestCase\build.xml

-check-env:
 [checkenv] Android SDK Tools Revision 22.2.1
 [checkenv] Installed at D:\adt-bundle-windows-x86_64-20130917\sdk

-build-setup:
[getbuildtools] Using latest Build Tools: 18.1.0
     [echo] Resolving Build Target for LoginExitCase...
[getuitarget] Project Target:   Android 4.3
[getuitarget] API level:        18
     [echo] ----------
     [echo] Creating output directories if needed...

-pre-compile:

compile:
    [javac] Compiling 1 source file to D:\Users\xiaohua\workspace\TestCase\bin\classes
    [javac] ����: [options] Դֵ1.5�ѹ�ʱ, ����δ�����з��а���ɾ��
    [javac] ����: [options] Ŀ��ֵ1.5�ѹ�ʱ, ����δ�����з��а���ɾ��
    [javac] ����: [options] Ҫ�����й��ѹ�ʱѡ��ľ���, ��ʹ�� -Xlint:-options��
    [javac] 3 ������

-post-compile:

-dex:
      [dex] input: D:\Users\xiaohua\workspace\TestCase\bin\classes
      [dex] Found Deleted Target File
      [dex] Converting compiled files and external libraries into D:\Users\xiaohua\workspace\TestCase\bin\classes.dex...

-post-dex:

-jar:
      [jar] Building jar: D:\Users\xiaohua\workspace\TestCase\bin\LoginExitCase.jar

-post-jar:

build:

BUILD SUCCESSFUL
Total time: 2 seconds
690 KB/s (5662 bytes in 0.008s)
INSTRUMENTATION_STATUS: numtests=1

INSTRUMENTATION_STATUS: stream=

com.Gfan.LoginExitCase:

INSTRUMENTATION_STATUS: id=UiAutomatorTestRunner

INSTRUMENTATION_STATUS: test=testCase

INSTRUMENTATION_STATUS: class=com.Gfan.LoginExitCase

INSTRUMENTATION_STATUS: current=1

INSTRUMENTATION_STATUS_CODE: 1

INSTRUMENTATION_STATUS: numtests=1

INSTRUMENTATION_STATUS: stream=.

INSTRUMENTATION_STATUS: id=UiAutomatorTestRunner

INSTRUMENTATION_STATUS: test=testCase

INSTRUMENTATION_STATUS: class=com.Gfan.LoginExitCase

INSTRUMENTATION_STATUS: current=1

INSTRUMENTATION_STATUS_CODE: 0

INSTRUMENTATION_STATUS: stream=

Test results for WatcherResultPrinter=.

Time: 2.379



OK (1 test)





INSTRUMENTATION_STATUS_CODE: -1

Updated file D:\Users\xiaohua\workspace\TestCase\build.xml
Buildfile: D:\Users\xiaohua\workspace\TestCase\build.xml

-check-env:
 [checkenv] Android SDK Tools Revision 22.2.1
 [checkenv] Installed at D:\adt-bundle-windows-x86_64-20130917\sdk

-build-setup:
[getbuildtools] Using latest Build Tools: 18.1.0
     [echo] Resolving Build Target for LoginExitCase...
[getuitarget] Project Target:   Android 4.3
[getuitarget] API level:        18
     [echo] ----------
     [echo] Creating output directories if needed...

-pre-compile:

compile:
    [javac] Compiling 1 source file to D:\Users\xiaohua\workspace\TestCase\bin\classes
    [javac] ����: [options] Դֵ1.5�ѹ�ʱ, ����δ�����з��а���ɾ��
    [javac] ����: [options] Ŀ��ֵ1.5�ѹ�ʱ, ����δ�����з��а���ɾ��
    [javac] ����: [options] Ҫ�����й��ѹ�ʱѡ��ľ���, ��ʹ�� -Xlint:-options��
    [javac] 3 ������

-post-compile:

-dex:
      [dex] input: D:\Users\xiaohua\workspace\TestCase\bin\classes
      [dex] Found Deleted Target File
      [dex] Converting compiled files and external libraries into D:\Users\xiaohua\workspace\TestCase\bin\classes.dex...

-post-dex:

-jar:
      [jar] Building jar: D:\Users\xiaohua\workspace\TestCase\bin\LoginExitCase.jar

-post-jar:

build:

BUILD SUCCESSFUL
Total time: 2 seconds
731 KB/s (5997 bytes in 0.008s)
INSTRUMENTATION_STATUS: numtests=1

INSTRUMENTATION_STATUS: stream=

com.Gfan.LoginExitCase:

INSTRUMENTATION_STATUS: id=UiAutomatorTestRunner

INSTRUMENTATION_STATUS: test=testCase

INSTRUMENTATION_STATUS: class=com.Gfan.LoginExitCase

INSTRUMENTATION_STATUS: current=1

INSTRUMENTATION_STATUS_CODE: 1

INSTRUMENTATION_STATUS: numtests=1

INSTRUMENTATION_STATUS: stream=.

INSTRUMENTATION_STATUS: id=UiAutomatorTestRunner

INSTRUMENTATION_STATUS: test=testCase

INSTRUMENTATION_STATUS: class=com.Gfan.LoginExitCase

INSTRUMENTATION_STATUS: current=1

INSTRUMENTATION_STATUS_CODE: 0

INSTRUMENTATION_STATUS: stream=

Test results for WatcherResultPrinter=.

Time: 3.087



OK (1 test)





INSTRUMENTATION_STATUS_CODE: -1

Updated file D:\Users\xiaohua\workspace\TestCase\build.xml
Buildfile: D:\Users\xiaohua\workspace\TestCase\build.xml

-check-env:
 [checkenv] Android SDK Tools Revision 22.2.1
 [checkenv] Installed at D:\adt-bundle-windows-x86_64-20130917\sdk

-build-setup:
[getbuildtools] Using latest Build Tools: 18.1.0
     [echo] Resolving Build Target for LoginExitCase...
[getuitarget] Project Target:   Android 4.3
[getuitarget] API level:        18
     [echo] ----------
     [echo] Creating output directories if needed...

-pre-compile:

compile:
    [javac] Compiling 1 source file to D:\Users\xiaohua\workspace\TestCase\bin\classes
    [javac] ����: [options] Դֵ1.5�ѹ�ʱ, ����δ�����з��а���ɾ��
    [javac] ����: [options] Ŀ��ֵ1.5�ѹ�ʱ, ����δ�����з��а���ɾ��
    [javac] ����: [options] Ҫ�����й��ѹ�ʱѡ��ľ���, ��ʹ�� -Xlint:-options��
    [javac] 3 ������

-post-compile:

-dex:
      [dex] input: D:\Users\xiaohua\workspace\TestCase\bin\classes
      [dex] Found Deleted Target File
      [dex] Converting compiled files and external libraries into D:\Users\xiaohua\workspace\TestCase\bin\classes.dex...

-post-dex:

-jar:
      [jar] Building jar: D:\Users\xiaohua\workspace\TestCase\bin\LoginExitCase.jar

-post-jar:

build:

BUILD SUCCESSFUL
Total time: 1 second
744 KB/s (6102 bytes in 0.008s)
INSTRUMENTATION_STATUS: numtests=1

INSTRUMENTATION_STATUS: stream=

com.Gfan.LoginExitCase:

INSTRUMENTATION_STATUS: id=UiAutomatorTestRunner

INSTRUMENTATION_STATUS: test=testCase

INSTRUMENTATION_STATUS: class=com.Gfan.LoginExitCase

INSTRUMENTATION_STATUS: current=1

INSTRUMENTATION_STATUS_CODE: 1

搜索按钮存在

默认文本：请输入登录账号

密码框存在

默认文本：注册机锋账号

INSTRUMENTATION_STATUS: numtests=1

INSTRUMENTATION_STATUS: stream=.

INSTRUMENTATION_STATUS: id=UiAutomatorTestRunner

INSTRUMENTATION_STATUS: test=testCase

INSTRUMENTATION_STATUS: class=com.Gfan.LoginExitCase

INSTRUMENTATION_STATUS: current=1

INSTRUMENTATION_STATUS_CODE: 0

INSTRUMENTATION_STATUS: stream=

Test results for WatcherResultPrinter=.

Time: 2.709



OK (1 test)





INSTRUMENTATION_STATUS_CODE: -1

Updated file D:\Users\xiaohua\workspace\TestCase\build.xml
Buildfile: D:\Users\xiaohua\workspace\TestCase\build.xml

-check-env:
 [checkenv] Android SDK Tools Revision 22.2.1
 [checkenv] Installed at D:\adt-bundle-windows-x86_64-20130917\sdk

-build-setup:
[getbuildtools] Using latest Build Tools: 18.1.0
     [echo] Resolving Build Target for LoginExitCase...
[getuitarget] Project Target:   Android 4.3
[getuitarget] API level:        18
     [echo] ----------
     [echo] Creating output directories if needed...

-pre-compile:

compile:
    [javac] Compiling 1 source file to D:\Users\xiaohua\workspace\TestCase\bin\classes
    [javac] ����: [options] Դֵ1.5�ѹ�ʱ, ����δ�����з��а���ɾ��
    [javac] ����: [options] Ŀ��ֵ1.5�ѹ�ʱ, ����δ�����з��а���ɾ��
    [javac] ����: [options] Ҫ�����й��ѹ�ʱѡ��ľ���, ��ʹ�� -Xlint:-options��
    [javac] 3 ������

-post-compile:

-dex:
      [dex] input: D:\Users\xiaohua\workspace\TestCase\bin\classes
      [dex] Found Deleted Target File
      [dex] Converting compiled files and external libraries into D:\Users\xiaohua\workspace\TestCase\bin\classes.dex...

-post-dex:

-jar:
      [jar] Building jar: D:\Users\xiaohua\workspace\TestCase\bin\LoginExitCase.jar

-post-jar:

build:

BUILD SUCCESSFUL
Total time: 2 seconds
781 KB/s (6409 bytes in 0.008s)
INSTRUMENTATION_STATUS: numtests=1

INSTRUMENTATION_STATUS: stream=

com.Gfan.LoginExitCase:

INSTRUMENTATION_STATUS: id=UiAutomatorTestRunner

INSTRUMENTATION_STATUS: test=testCase

INSTRUMENTATION_STATUS: class=com.Gfan.LoginExitCase

INSTRUMENTATION_STATUS: current=1

INSTRUMENTATION_STATUS_CODE: 1

搜索按钮存在

默认文本：请输入登录账号

密码框存在

默认文本：注册机锋账号

INSTRUMENTATION_STATUS: numtests=1

INSTRUMENTATION_STATUS: stream=.

INSTRUMENTATION_STATUS: id=UiAutomatorTestRunner

INSTRUMENTATION_STATUS: test=testCase

INSTRUMENTATION_STATUS: class=com.Gfan.LoginExitCase

INSTRUMENTATION_STATUS: current=1

INSTRUMENTATION_STATUS_CODE: 0

INSTRUMENTATION_STATUS: stream=

Test results for WatcherResultPrinter=.

Time: 2.813



OK (1 test)





INSTRUMENTATION_STATUS_CODE: -1

Updated file D:\Users\xiaohua\workspace\TestCase\build.xml
Buildfile: D:\Users\xiaohua\workspace\TestCase\build.xml

-check-env:
 [checkenv] Android SDK Tools Revision 22.2.1
 [checkenv] Installed at D:\adt-bundle-windows-x86_64-20130917\sdk

-build-setup:
[getbuildtools] Using latest Build Tools: 18.1.0
     [echo] Resolving Build Target for LoginExitCase...
[getuitarget] Project Target:   Android 4.3
[getuitarget] API level:        18
     [echo] ----------
     [echo] Creating output directories if needed...

-pre-compile:

compile:
    [javac] Compiling 1 source file to D:\Users\xiaohua\workspace\TestCase\bin\classes
    [javac] ����: [options] Դֵ1.5�ѹ�ʱ, ����δ�����з��а���ɾ��
    [javac] ����: [options] Ŀ��ֵ1.5�ѹ�ʱ, ����δ�����з��а���ɾ��
    [javac] ����: [options] Ҫ�����й��ѹ�ʱѡ��ľ���, ��ʹ�� -Xlint:-options��
    [javac] 3 ������

-post-compile:

-dex:
      [dex] input: D:\Users\xiaohua\workspace\TestCase\bin\classes
      [dex] Found Deleted Target File
      [dex] Converting compiled files and external libraries into D:\Users\xiaohua\workspace\TestCase\bin\classes.dex...

-post-dex:

-jar:
      [jar] Building jar: D:\Users\xiaohua\workspace\TestCase\bin\LoginExitCase.jar

-post-jar:

build:

BUILD SUCCESSFUL
Total time: 2 seconds
894 KB/s (6413 bytes in 0.007s)
INSTRUMENTATION_STATUS: numtests=1

INSTRUMENTATION_STATUS: stream=

com.Gfan.LoginExitCase:

INSTRUMENTATION_STATUS: id=UiAutomatorTestRunner

INSTRUMENTATION_STATUS: test=testCase

INSTRUMENTATION_STATUS: class=com.Gfan.LoginExitCase

INSTRUMENTATION_STATUS: current=1

INSTRUMENTATION_STATUS_CODE: 1

INSTRUMENTATION_STATUS: numtests=1

INSTRUMENTATION_STATUS: stream=

Error in testCase:

com.android.uiautomator.core.UiObjectNotFoundException: UiSelector[RESOURCE_ID=com.mappn.gfan:id/iv_user_head]

	at com.android.uiautomator.core.UiObject.click(UiObject.java:392)

	at com.Gfan.LoginExitCase.testHeadrImage(LoginExitCase.java:46)

	at com.Gfan.LoginExitCase.testCase(LoginExitCase.java:23)

	at com.android.uiautomator.testrunner.UiAutomatorTestRunner.start(UiAutomatorTestRunner.java:160)

	at com.android.uiautomator.testrunner.UiAutomatorTestRunner.run(UiAutomatorTestRunner.java:96)

	at com.android.commands.uiautomator.RunTestCommand.run(RunTestCommand.java:91)

	at com.android.commands.uiautomator.Launcher.main(Launcher.java:83)

	at com.android.internal.os.RuntimeInit.nativeFinishInit(Native Method)

	at com.android.internal.os.RuntimeInit.main(RuntimeInit.java:249)



INSTRUMENTATION_STATUS: id=UiAutomatorTestRunner

INSTRUMENTATION_STATUS: test=testCase

INSTRUMENTATION_STATUS: class=com.Gfan.LoginExitCase

INSTRUMENTATION_STATUS: stack=com.android.uiautomator.core.UiObjectNotFoundException: UiSelector[RESOURCE_ID=com.mappn.gfan:id/iv_user_head]

	at com.android.uiautomator.core.UiObject.click(UiObject.java:392)

	at com.Gfan.LoginExitCase.testHeadrImage(LoginExitCase.java:46)

	at com.Gfan.LoginExitCase.testCase(LoginExitCase.java:23)

	at com.android.uiautomator.testrunner.UiAutomatorTestRunner.start(UiAutomatorTestRunner.java:160)

	at com.android.uiautomator.testrunner.UiAutomatorTestRunner.run(UiAutomatorTestRunner.java:96)

	at com.android.commands.uiautomator.RunTestCommand.run(RunTestCommand.java:91)

	at com.android.commands.uiautomator.Launcher.main(Launcher.java:83)

	at com.android.internal.os.RuntimeInit.nativeFinishInit(Native Method)

	at com.android.internal.os.RuntimeInit.main(RuntimeInit.java:249)



INSTRUMENTATION_STATUS: current=1

INSTRUMENTATION_STATUS_CODE: -1

INSTRUMENTATION_STATUS: stream=

Test results for WatcherResultPrinter=.E

Time: 11.26



FAILURES!!!

Tests run: 1,  Failures: 0,  Errors: 1





INSTRUMENTATION_STATUS_CODE: -1

Updated file D:\Users\xiaohua\workspace\TestCase\build.xml
Buildfile: D:\Users\xiaohua\workspace\TestCase\build.xml

-check-env:
 [checkenv] Android SDK Tools Revision 22.2.1
 [checkenv] Installed at D:\adt-bundle-windows-x86_64-20130917\sdk

-build-setup:
[getbuildtools] Using latest Build Tools: 18.1.0
     [echo] Resolving Build Target for LoginExitCase...
[getuitarget] Project Target:   Android 4.3
[getuitarget] API level:        18
     [echo] ----------
     [echo] Creating output directories if needed...

-pre-compile:

compile:
    [javac] Compiling 1 source file to D:\Users\xiaohua\workspace\TestCase\bin\classes
    [javac] ����: [options] Դֵ1.5�ѹ�ʱ, ����δ�����з��а���ɾ��
    [javac] ����: [options] Ŀ��ֵ1.5�ѹ�ʱ, ����δ�����з��а���ɾ��
    [javac] ����: [options] Ҫ�����й��ѹ�ʱѡ��ľ���, ��ʹ�� -Xlint:-options��
    [javac] 3 ������

-post-compile:

-dex:
      [dex] input: D:\Users\xiaohua\workspace\TestCase\bin\classes
      [dex] Found Deleted Target File
      [dex] Converting compiled files and external libraries into D:\Users\xiaohua\workspace\TestCase\bin\classes.dex...

-post-dex:

-jar:
      [jar] Building jar: D:\Users\xiaohua\workspace\TestCase\bin\LoginExitCase.jar

-post-jar:

build:

BUILD SUCCESSFUL
Total time: 2 seconds
2085 KB/s (6408 bytes in 0.003s)
INSTRUMENTATION_STATUS: numtests=1

INSTRUMENTATION_STATUS: stream=

com.Gfan.LoginExitCase:

INSTRUMENTATION_STATUS: id=UiAutomatorTestRunner

INSTRUMENTATION_STATUS: test=testCase

INSTRUMENTATION_STATUS: class=com.Gfan.LoginExitCase

INSTRUMENTATION_STATUS: current=1

INSTRUMENTATION_STATUS_CODE: 1

搜索按钮存在

默认文本：请输入登录账号

密码框存在

默认文本：注册机锋账号

INSTRUMENTATION_STATUS: numtests=1

INSTRUMENTATION_STATUS: stream=

Failure in testCase:

junit.framework.AssertionFailedError: expected:<true> but was:<false>

	at com.Gfan.LoginExitCase.testLogin(LoginExitCase.java:105)

	at com.Gfan.LoginExitCase.testCase(LoginExitCase.java:25)

	at com.android.uiautomator.testrunner.UiAutomatorTestRunner.start(UiAutomatorTestRunner.java:160)

	at com.android.uiautomator.testrunner.UiAutomatorTestRunner.run(UiAutomatorTestRunner.java:96)

	at com.android.commands.uiautomator.RunTestCommand.run(RunTestCommand.java:91)

	at com.android.commands.uiautomator.Launcher.main(Launcher.java:83)

	at com.android.internal.os.RuntimeInit.nativeFinishInit(Native Method)

	at com.android.internal.os.RuntimeInit.main(RuntimeInit.java:249)



INSTRUMENTATION_STATUS: id=UiAutomatorTestRunner

INSTRUMENTATION_STATUS: test=testCase

INSTRUMENTATION_STATUS: class=com.Gfan.LoginExitCase

INSTRUMENTATION_STATUS: stack=junit.framework.AssertionFailedError: expected:<true> but was:<false>

	at com.Gfan.LoginExitCase.testLogin(LoginExitCase.java:105)

	at com.Gfan.LoginExitCase.testCase(LoginExitCase.java:25)

	at com.android.uiautomator.testrunner.UiAutomatorTestRunner.start(UiAutomatorTestRunner.java:160)

	at com.android.uiautomator.testrunner.UiAutomatorTestRunner.run(UiAutomatorTestRunner.java:96)

	at com.android.commands.uiautomator.RunTestCommand.run(RunTestCommand.java:91)

	at com.android.commands.uiautomator.Launcher.main(Launcher.java:83)

	at com.android.internal.os.RuntimeInit.nativeFinishInit(Native Method)

	at com.android.internal.os.RuntimeInit.main(RuntimeInit.java:249)



INSTRUMENTATION_STATUS: current=1

INSTRUMENTATION_STATUS_CODE: -2

INSTRUMENTATION_STATUS: stream=

Test results for WatcherResultPrinter=.F

Time: 12.521



FAILURES!!!

Tests run: 1,  Failures: 1,  Errors: 0





INSTRUMENTATION_STATUS_CODE: -1

Updated file D:\Users\xiaohua\workspace\TestCase\build.xml
Buildfile: D:\Users\xiaohua\workspace\TestCase\build.xml

-check-env:
 [checkenv] Android SDK Tools Revision 22.2.1
 [checkenv] Installed at D:\adt-bundle-windows-x86_64-20130917\sdk

-build-setup:
[getbuildtools] Using latest Build Tools: 18.1.0
     [echo] Resolving Build Target for LoginExitCase...
[getuitarget] Project Target:   Android 4.3
[getuitarget] API level:        18
     [echo] ----------
     [echo] Creating output directories if needed...

-pre-compile:

compile:
    [javac] Compiling 1 source file to D:\Users\xiaohua\workspace\TestCase\bin\classes
    [javac] ����: [options] Դֵ1.5�ѹ�ʱ, ����δ�����з��а���ɾ��
    [javac] ����: [options] Ŀ��ֵ1.5�ѹ�ʱ, ����δ�����з��а���ɾ��
    [javac] ����: [options] Ҫ�����й��ѹ�ʱѡ��ľ���, ��ʹ�� -Xlint:-options��
    [javac] 3 ������

-post-compile:

-dex:
      [dex] input: D:\Users\xiaohua\workspace\TestCase\bin\classes
      [dex] Found Deleted Target File
      [dex] Converting compiled files and external libraries into D:\Users\xiaohua\workspace\TestCase\bin\classes.dex...

-post-dex:

-jar:
      [jar] Building jar: D:\Users\xiaohua\workspace\TestCase\bin\LoginExitCase.jar

-post-jar:

build:

BUILD SUCCESSFUL
Total time: 1 second
625 KB/s (6406 bytes in 0.010s)
INSTRUMENTATION_STATUS: numtests=1

INSTRUMENTATION_STATUS: stream=

com.Gfan.LoginExitCase:

INSTRUMENTATION_STATUS: id=UiAutomatorTestRunner

INSTRUMENTATION_STATUS: test=testCase

INSTRUMENTATION_STATUS: class=com.Gfan.LoginExitCase

INSTRUMENTATION_STATUS: current=1

INSTRUMENTATION_STATUS_CODE: 1

搜索按钮存在

默认文本：请输入登录账号

密码框存在

默认文本：注册机锋账号

INSTRUMENTATION_STATUS: numtests=1

INSTRUMENTATION_STATUS: stream=

Failure in testCase:

junit.framework.AssertionFailedError: expected:<true> but was:<false>

	at com.Gfan.LoginExitCase.testLogin(LoginExitCase.java:105)

	at com.Gfan.LoginExitCase.testCase(LoginExitCase.java:25)

	at com.android.uiautomator.testrunner.UiAutomatorTestRunner.start(UiAutomatorTestRunner.java:160)

	at com.android.uiautomator.testrunner.UiAutomatorTestRunner.run(UiAutomatorTestRunner.java:96)

	at com.android.commands.uiautomator.RunTestCommand.run(RunTestCommand.java:91)

	at com.android.commands.uiautomator.Launcher.main(Launcher.java:83)

	at com.android.internal.os.RuntimeInit.nativeFinishInit(Native Method)

	at com.android.internal.os.RuntimeInit.main(RuntimeInit.java:249)



INSTRUMENTATION_STATUS: id=UiAutomatorTestRunner

INSTRUMENTATION_STATUS: test=testCase

INSTRUMENTATION_STATUS: class=com.Gfan.LoginExitCase

INSTRUMENTATION_STATUS: stack=junit.framework.AssertionFailedError: expected:<true> but was:<false>

	at com.Gfan.LoginExitCase.testLogin(LoginExitCase.java:105)

	at com.Gfan.LoginExitCase.testCase(LoginExitCase.java:25)

	at com.android.uiautomator.testrunner.UiAutomatorTestRunner.start(UiAutomatorTestRunner.java:160)

	at com.android.uiautomator.testrunner.UiAutomatorTestRunner.run(UiAutomatorTestRunner.java:96)

	at com.android.commands.uiautomator.RunTestCommand.run(RunTestCommand.java:91)

	at com.android.commands.uiautomator.Launcher.main(Launcher.java:83)

	at com.android.internal.os.RuntimeInit.nativeFinishInit(Native Method)

	at com.android.internal.os.RuntimeInit.main(RuntimeInit.java:249)



INSTRUMENTATION_STATUS: current=1

INSTRUMENTATION_STATUS_CODE: -2

INSTRUMENTATION_STATUS: stream=

Test results for WatcherResultPrinter=.F

Time: 12.177



FAILURES!!!

Tests run: 1,  Failures: 1,  Errors: 0





INSTRUMENTATION_STATUS_CODE: -1

Updated file D:\Users\xiaohua\workspace\TestCase\build.xml
Buildfile: D:\Users\xiaohua\workspace\TestCase\build.xml

-check-env:
 [checkenv] Android SDK Tools Revision 22.2.1
 [checkenv] Installed at D:\adt-bundle-windows-x86_64-20130917\sdk

-build-setup:
[getbuildtools] Using latest Build Tools: 18.1.0
     [echo] Resolving Build Target for LoginExitCase...
[getuitarget] Project Target:   Android 4.3
[getuitarget] API level:        18
     [echo] ----------
     [echo] Creating output directories if needed...

-pre-compile:

compile:
    [javac] Compiling 1 source file to D:\Users\xiaohua\workspace\TestCase\bin\classes
    [javac] ����: [options] Դֵ1.5�ѹ�ʱ, ����δ�����з��а���ɾ��
    [javac] ����: [options] Ŀ��ֵ1.5�ѹ�ʱ, ����δ�����з��а���ɾ��
    [javac] ����: [options] Ҫ�����й��ѹ�ʱѡ��ľ���, ��ʹ�� -Xlint:-options��
    [javac] 3 ������

-post-compile:

-dex:
      [dex] input: D:\Users\xiaohua\workspace\TestCase\bin\classes
      [dex] Found Deleted Target File
      [dex] Converting compiled files and external libraries into D:\Users\xiaohua\workspace\TestCase\bin\classes.dex...

-post-dex:

-jar:
      [jar] Building jar: D:\Users\xiaohua\workspace\TestCase\bin\LoginExitCase.jar

-post-jar:

build:

BUILD SUCCESSFUL
Total time: 2 seconds
1041 KB/s (6406 bytes in 0.006s)
INSTRUMENTATION_STATUS: numtests=1

INSTRUMENTATION_STATUS: stream=

com.Gfan.LoginExitCase:

INSTRUMENTATION_STATUS: id=UiAutomatorTestRunner

INSTRUMENTATION_STATUS: test=testCase

INSTRUMENTATION_STATUS: class=com.Gfan.LoginExitCase

INSTRUMENTATION_STATUS: current=1

INSTRUMENTATION_STATUS_CODE: 1

搜索按钮存在

默认文本：请输入登录账号

密码框存在

默认文本：注册机锋账号

INSTRUMENTATION_STATUS: numtests=1

INSTRUMENTATION_STATUS: stream=

Failure in testCase:

junit.framework.AssertionFailedError: expected:<true> but was:<false>

	at com.Gfan.LoginExitCase.testLogin(LoginExitCase.java:105)

	at com.Gfan.LoginExitCase.testCase(LoginExitCase.java:25)

	at com.android.uiautomator.testrunner.UiAutomatorTestRunner.start(UiAutomatorTestRunner.java:160)

	at com.android.uiautomator.testrunner.UiAutomatorTestRunner.run(UiAutomatorTestRunner.java:96)

	at com.android.commands.uiautomator.RunTestCommand.run(RunTestCommand.java:91)

	at com.android.commands.uiautomator.Launcher.main(Launcher.java:83)

	at com.android.internal.os.RuntimeInit.nativeFinishInit(Native Method)

	at com.android.internal.os.RuntimeInit.main(RuntimeInit.java:249)



INSTRUMENTATION_STATUS: id=UiAutomatorTestRunner

INSTRUMENTATION_STATUS: test=testCase

INSTRUMENTATION_STATUS: class=com.Gfan.LoginExitCase

INSTRUMENTATION_STATUS: stack=junit.framework.AssertionFailedError: expected:<true> but was:<false>

	at com.Gfan.LoginExitCase.testLogin(LoginExitCase.java:105)

	at com.Gfan.LoginExitCase.testCase(LoginExitCase.java:25)

	at com.android.uiautomator.testrunner.UiAutomatorTestRunner.start(UiAutomatorTestRunner.java:160)

	at com.android.uiautomator.testrunner.UiAutomatorTestRunner.run(UiAutomatorTestRunner.java:96)

	at com.android.commands.uiautomator.RunTestCommand.run(RunTestCommand.java:91)

	at com.android.commands.uiautomator.Launcher.main(Launcher.java:83)

	at com.android.internal.os.RuntimeInit.nativeFinishInit(Native Method)

	at com.android.internal.os.RuntimeInit.main(RuntimeInit.java:249)



INSTRUMENTATION_STATUS: current=1

INSTRUMENTATION_STATUS_CODE: -2

INSTRUMENTATION_STATUS: stream=

Test results for WatcherResultPrinter=.F

Time: 12.057



FAILURES!!!

Tests run: 1,  Failures: 1,  Errors: 0





INSTRUMENTATION_STATUS_CODE: -1

Updated file D:\Users\xiaohua\workspace\TestCase\build.xml
Buildfile: D:\Users\xiaohua\workspace\TestCase\build.xml

-check-env:
 [checkenv] Android SDK Tools Revision 22.2.1
 [checkenv] Installed at D:\adt-bundle-windows-x86_64-20130917\sdk

-build-setup:
[getbuildtools] Using latest Build Tools: 18.1.0
     [echo] Resolving Build Target for LoginExitCase...
[getuitarget] Project Target:   Android 4.3
[getuitarget] API level:        18
     [echo] ----------
     [echo] Creating output directories if needed...

-pre-compile:

compile:

-post-compile:

-dex:
      [dex] input: D:\Users\xiaohua\workspace\TestCase\bin\classes
      [dex] Found Deleted Target File
      [dex] Converting compiled files and external libraries into D:\Users\xiaohua\workspace\TestCase\bin\classes.dex...

-post-dex:

-jar:
      [jar] Building jar: D:\Users\xiaohua\workspace\TestCase\bin\LoginExitCase.jar

-post-jar:

build:

BUILD SUCCESSFUL
Total time: 1 second
893 KB/s (6406 bytes in 0.007s)
INSTRUMENTATION_STATUS: numtests=1

INSTRUMENTATION_STATUS: stream=

com.Gfan.LoginExitCase:

INSTRUMENTATION_STATUS: id=UiAutomatorTestRunner

INSTRUMENTATION_STATUS: test=testCase

INSTRUMENTATION_STATUS: class=com.Gfan.LoginExitCase

INSTRUMENTATION_STATUS: current=1

INSTRUMENTATION_STATUS_CODE: 1

搜索按钮存在

默认文本：请输入登录账号

密码框存在

默认文本：注册机锋账号

登录后用户昵称为： 机锋网友

INSTRUMENTATION_STATUS: numtests=1

INSTRUMENTATION_STATUS: stream=.

INSTRUMENTATION_STATUS: id=UiAutomatorTestRunner

INSTRUMENTATION_STATUS: test=testCase

INSTRUMENTATION_STATUS: class=com.Gfan.LoginExitCase

INSTRUMENTATION_STATUS: current=1

INSTRUMENTATION_STATUS_CODE: 0

INSTRUMENTATION_STATUS: stream=

Test results for WatcherResultPrinter=.

Time: 13.244



OK (1 test)





INSTRUMENTATION_STATUS_CODE: -1

Updated file D:\Users\xiaohua\workspace\TestCase\build.xml
Buildfile: D:\Users\xiaohua\workspace\TestCase\build.xml

-check-env:
 [checkenv] Android SDK Tools Revision 22.2.1
 [checkenv] Installed at D:\adt-bundle-windows-x86_64-20130917\sdk

-build-setup:
[getbuildtools] Using latest Build Tools: 18.1.0
     [echo] Resolving Build Target for LoginExitCase...
[getuitarget] Project Target:   Android 4.3
[getuitarget] API level:        18
     [echo] ----------
     [echo] Creating output directories if needed...

-pre-compile:

compile:
    [javac] Compiling 1 source file to D:\Users\xiaohua\workspace\TestCase\bin\classes
    [javac] ����: [options] Դֵ1.5�ѹ�ʱ, ����δ�����з��а���ɾ��
    [javac] ����: [options] Ŀ��ֵ1.5�ѹ�ʱ, ����δ�����з��а���ɾ��
    [javac] ����: [options] Ҫ�����й��ѹ�ʱѡ��ľ���, ��ʹ�� -Xlint:-options��
    [javac] 3 ������

-post-compile:

-dex:
      [dex] input: D:\Users\xiaohua\workspace\TestCase\bin\classes
      [dex] Found Deleted Target File
      [dex] Converting compiled files and external libraries into D:\Users\xiaohua\workspace\TestCase\bin\classes.dex...

-post-dex:

-jar:
      [jar] Building jar: D:\Users\xiaohua\workspace\TestCase\bin\LoginExitCase.jar

-post-jar:

build:

BUILD SUCCESSFUL
Total time: 2 seconds
827 KB/s (6781 bytes in 0.008s)
INSTRUMENTATION_STATUS: numtests=1

INSTRUMENTATION_STATUS: stream=

com.Gfan.LoginExitCase:

INSTRUMENTATION_STATUS: id=UiAutomatorTestRunner

INSTRUMENTATION_STATUS: test=testCase

INSTRUMENTATION_STATUS: class=com.Gfan.LoginExitCase

INSTRUMENTATION_STATUS: current=1

INSTRUMENTATION_STATUS_CODE: 1

搜索按钮存在

默认文本：请输入登录账号

密码框存在

默认文本：注册机锋账号

INSTRUMENTATION_STATUS: numtests=1

INSTRUMENTATION_STATUS: stream=

Failure in testCase:

junit.framework.AssertionFailedError: expected:<true> but was:<false>

	at com.Gfan.LoginExitCase.testLogin(LoginExitCase.java:106)

	at com.Gfan.LoginExitCase.testCase(LoginExitCase.java:25)

	at com.android.uiautomator.testrunner.UiAutomatorTestRunner.start(UiAutomatorTestRunner.java:160)

	at com.android.uiautomator.testrunner.UiAutomatorTestRunner.run(UiAutomatorTestRunner.java:96)

	at com.android.commands.uiautomator.RunTestCommand.run(RunTestCommand.java:91)

	at com.android.commands.uiautomator.Launcher.main(Launcher.java:83)

	at com.android.internal.os.RuntimeInit.nativeFinishInit(Native Method)

	at com.android.internal.os.RuntimeInit.main(RuntimeInit.java:249)



INSTRUMENTATION_STATUS: id=UiAutomatorTestRunner

INSTRUMENTATION_STATUS: test=testCase

INSTRUMENTATION_STATUS: class=com.Gfan.LoginExitCase

INSTRUMENTATION_STATUS: stack=junit.framework.AssertionFailedError: expected:<true> but was:<false>

	at com.Gfan.LoginExitCase.testLogin(LoginExitCase.java:106)

	at com.Gfan.LoginExitCase.testCase(LoginExitCase.java:25)

	at com.android.uiautomator.testrunner.UiAutomatorTestRunner.start(UiAutomatorTestRunner.java:160)

	at com.android.uiautomator.testrunner.UiAutomatorTestRunner.run(UiAutomatorTestRunner.java:96)

	at com.android.commands.uiautomator.RunTestCommand.run(RunTestCommand.java:91)

	at com.android.commands.uiautomator.Launcher.main(Launcher.java:83)

	at com.android.internal.os.RuntimeInit.nativeFinishInit(Native Method)

	at com.android.internal.os.RuntimeInit.main(RuntimeInit.java:249)



INSTRUMENTATION_STATUS: current=1

INSTRUMENTATION_STATUS_CODE: -2

INSTRUMENTATION_STATUS: stream=

Test results for WatcherResultPrinter=.F

Time: 12.256



FAILURES!!!

Tests run: 1,  Failures: 1,  Errors: 0





INSTRUMENTATION_STATUS_CODE: -1

Updated file D:\Users\xiaohua\workspace\TestCase\build.xml
Buildfile: D:\Users\xiaohua\workspace\TestCase\build.xml

-check-env:
 [checkenv] Android SDK Tools Revision 22.2.1
 [checkenv] Installed at D:\adt-bundle-windows-x86_64-20130917\sdk

-build-setup:
[getbuildtools] Using latest Build Tools: 18.1.0
     [echo] Resolving Build Target for LoginExitCase...
[getuitarget] Project Target:   Android 4.3
[getuitarget] API level:        18
     [echo] ----------
     [echo] Creating output directories if needed...

-pre-compile:

compile:

-post-compile:

-dex:
      [dex] input: D:\Users\xiaohua\workspace\TestCase\bin\classes
      [dex] Found Deleted Target File
      [dex] Converting compiled files and external libraries into D:\Users\xiaohua\workspace\TestCase\bin\classes.dex...

-post-dex:

-jar:
      [jar] Building jar: D:\Users\xiaohua\workspace\TestCase\bin\LoginExitCase.jar

-post-jar:

build:

BUILD SUCCESSFUL
Total time: 1 second
735 KB/s (6781 bytes in 0.009s)
INSTRUMENTATION_STATUS: numtests=1

INSTRUMENTATION_STATUS: stream=

com.Gfan.LoginExitCase:

INSTRUMENTATION_STATUS: id=UiAutomatorTestRunner

INSTRUMENTATION_STATUS: test=testCase

INSTRUMENTATION_STATUS: class=com.Gfan.LoginExitCase

INSTRUMENTATION_STATUS: current=1

INSTRUMENTATION_STATUS_CODE: 1

INSTRUMENTATION_STATUS: numtests=1

INSTRUMENTATION_STATUS: stream=

Failure in testCase:

junit.framework.AssertionFailedError: expected:<true> but was:<false>

	at com.Gfan.LoginExitCase.testUIelement(LoginExitCase.java:62)

	at com.Gfan.LoginExitCase.testCase(LoginExitCase.java:24)

	at com.android.uiautomator.testrunner.UiAutomatorTestRunner.start(UiAutomatorTestRunner.java:160)

	at com.android.uiautomator.testrunner.UiAutomatorTestRunner.run(UiAutomatorTestRunner.java:96)

	at com.android.commands.uiautomator.RunTestCommand.run(RunTestCommand.java:91)

	at com.android.commands.uiautomator.Launcher.main(Launcher.java:83)

	at com.android.internal.os.RuntimeInit.nativeFinishInit(Native Method)

	at com.android.internal.os.RuntimeInit.main(RuntimeInit.java:249)



INSTRUMENTATION_STATUS: id=UiAutomatorTestRunner

INSTRUMENTATION_STATUS: test=testCase

INSTRUMENTATION_STATUS: class=com.Gfan.LoginExitCase

INSTRUMENTATION_STATUS: stack=junit.framework.AssertionFailedError: expected:<true> but was:<false>

	at com.Gfan.LoginExitCase.testUIelement(LoginExitCase.java:62)

	at com.Gfan.LoginExitCase.testCase(LoginExitCase.java:24)

	at com.android.uiautomator.testrunner.UiAutomatorTestRunner.start(UiAutomatorTestRunner.java:160)

	at com.android.uiautomator.testrunner.UiAutomatorTestRunner.run(UiAutomatorTestRunner.java:96)

	at com.android.commands.uiautomator.RunTestCommand.run(RunTestCommand.java:91)

	at com.android.commands.uiautomator.Launcher.main(Launcher.java:83)

	at com.android.internal.os.RuntimeInit.nativeFinishInit(Native Method)

	at com.android.internal.os.RuntimeInit.main(RuntimeInit.java:249)



INSTRUMENTATION_STATUS: current=1

INSTRUMENTATION_STATUS_CODE: -2

INSTRUMENTATION_STATUS: stream=

Test results for WatcherResultPrinter=.F

Time: 2.123



FAILURES!!!

Tests run: 1,  Failures: 1,  Errors: 0





INSTRUMENTATION_STATUS_CODE: -1

Updated file D:\Users\xiaohua\workspace\TestCase\build.xml
Buildfile: D:\Users\xiaohua\workspace\TestCase\build.xml

-check-env:
 [checkenv] Android SDK Tools Revision 22.2.1
 [checkenv] Installed at D:\adt-bundle-windows-x86_64-20130917\sdk

-build-setup:
[getbuildtools] Using latest Build Tools: 18.1.0
     [echo] Resolving Build Target for LoginExitCase...
[getuitarget] Project Target:   Android 4.3
[getuitarget] API level:        18
     [echo] ----------
     [echo] Creating output directories if needed...

-pre-compile:

compile:

-post-compile:

-dex:
      [dex] input: D:\Users\xiaohua\workspace\TestCase\bin\classes
      [dex] Found Deleted Target File
      [dex] Converting compiled files and external libraries into D:\Users\xiaohua\workspace\TestCase\bin\classes.dex...

-post-dex:

-jar:
      [jar] Building jar: D:\Users\xiaohua\workspace\TestCase\bin\LoginExitCase.jar

-post-jar:

build:

BUILD SUCCESSFUL
Total time: 1 second
2204 KB/s (6781 bytes in 0.003s)
INSTRUMENTATION_STATUS: numtests=1

INSTRUMENTATION_STATUS: stream=

com.Gfan.LoginExitCase:

INSTRUMENTATION_STATUS: id=UiAutomatorTestRunner

INSTRUMENTATION_STATUS: test=testCase

INSTRUMENTATION_STATUS: class=com.Gfan.LoginExitCase

INSTRUMENTATION_STATUS: current=1

INSTRUMENTATION_STATUS_CODE: 1

搜索按钮存在

默认文本：请输入登录账号

密码框存在

默认文本：注册机锋账号

登录后用户昵称为： 机锋网友

INSTRUMENTATION_STATUS: numtests=1

INSTRUMENTATION_STATUS: stream=.

INSTRUMENTATION_STATUS: id=UiAutomatorTestRunner

INSTRUMENTATION_STATUS: test=testCase

INSTRUMENTATION_STATUS: class=com.Gfan.LoginExitCase

INSTRUMENTATION_STATUS: current=1

INSTRUMENTATION_STATUS_CODE: 0

INSTRUMENTATION_STATUS: stream=

Test results for WatcherResultPrinter=.

Time: 16.869



OK (1 test)





INSTRUMENTATION_STATUS_CODE: -1

Updated file D:\Users\xiaohua\workspace\TestCase\build.xml
Buildfile: D:\Users\xiaohua\workspace\TestCase\build.xml

-check-env:
 [checkenv] Android SDK Tools Revision 22.2.1
 [checkenv] Installed at D:\adt-bundle-windows-x86_64-20130917\sdk

-build-setup:
[getbuildtools] Using latest Build Tools: 18.1.0
     [echo] Resolving Build Target for LoginExitCase...
[getuitarget] Project Target:   Android 4.3
[getuitarget] API level:        18
     [echo] ----------
     [echo] Creating output directories if needed...

-pre-compile:

compile:
    [javac] Compiling 1 source file to D:\Users\xiaohua\workspace\TestCase\bin\classes
    [javac] ����: [options] Դֵ1.5�ѹ�ʱ, ����δ�����з��а���ɾ��
    [javac] ����: [options] Ŀ��ֵ1.5�ѹ�ʱ, ����δ�����з��а���ɾ��
    [javac] ����: [options] Ҫ�����й��ѹ�ʱѡ��ľ���, ��ʹ�� -Xlint:-options��
    [javac] 3 ������

-post-compile:

-dex:
      [dex] input: D:\Users\xiaohua\workspace\TestCase\bin\classes
      [dex] Found Deleted Target File
      [dex] Converting compiled files and external libraries into D:\Users\xiaohua\workspace\TestCase\bin\classes.dex...

-post-dex:

-jar:
      [jar] Building jar: D:\Users\xiaohua\workspace\TestCase\bin\LoginExitCase.jar

-post-jar:

build:

BUILD SUCCESSFUL
Total time: 2 seconds
827 KB/s (6783 bytes in 0.008s)
INSTRUMENTATION_STATUS: numtests=1

INSTRUMENTATION_STATUS: stream=

com.Gfan.LoginExitCase:

INSTRUMENTATION_STATUS: id=UiAutomatorTestRunner

INSTRUMENTATION_STATUS: test=testCase

INSTRUMENTATION_STATUS: class=com.Gfan.LoginExitCase

INSTRUMENTATION_STATUS: current=1

INSTRUMENTATION_STATUS_CODE: 1

搜索按钮存在

默认文本：请输入登录账号

密码框存在

默认文本：注册机锋账号

登录后用户昵称为： 机锋网友

标题： 温馨提示

提示信息： 你要退出当前账号吗?

用户登录状态为： 请登录

INSTRUMENTATION_STATUS: numtests=1

INSTRUMENTATION_STATUS: stream=.

INSTRUMENTATION_STATUS: id=UiAutomatorTestRunner

INSTRUMENTATION_STATUS: test=testCase

INSTRUMENTATION_STATUS: class=com.Gfan.LoginExitCase

INSTRUMENTATION_STATUS: current=1

INSTRUMENTATION_STATUS_CODE: 0

INSTRUMENTATION_STATUS: stream=

Test results for WatcherResultPrinter=.

Time: 19.586



OK (1 test)





INSTRUMENTATION_STATUS_CODE: -1

Updated file D:\Users\xiaohua\workspace\TestCase\build.xml
Buildfile: D:\Users\xiaohua\workspace\TestCase\build.xml

-check-env:
 [checkenv] Android SDK Tools Revision 22.2.1
 [checkenv] Installed at D:\adt-bundle-windows-x86_64-20130917\sdk

-build-setup:
[getbuildtools] Using latest Build Tools: 18.1.0
     [echo] Resolving Build Target for LoginFailCase...
[getuitarget] Project Target:   Android 4.3
[getuitarget] API level:        18
     [echo] ----------
     [echo] Creating output directories if needed...

-pre-compile:

compile:
    [javac] Compiling 1 source file to D:\Users\xiaohua\workspace\TestCase\bin\classes
    [javac] ����: [options] Դֵ1.5�ѹ�ʱ, ����δ�����з��а���ɾ��
    [javac] ����: [options] Ŀ��ֵ1.5�ѹ�ʱ, ����δ�����з��а���ɾ��
    [javac] ����: [options] Ҫ�����й��ѹ�ʱѡ��ľ���, ��ʹ�� -Xlint:-options��
    [javac] 3 ������

-post-compile:

-dex:
      [dex] input: D:\Users\xiaohua\workspace\TestCase\bin\classes
      [dex] Found Deleted Target File
      [dex] Converting compiled files and external libraries into D:\Users\xiaohua\workspace\TestCase\bin\classes.dex...

-post-dex:

-jar:
      [jar] Building jar: D:\Users\xiaohua\workspace\TestCase\bin\LoginFailCase.jar

-post-jar:

build:

BUILD SUCCESSFUL
Total time: 2 seconds
877 KB/s (7194 bytes in 0.008s)
INSTRUMENTATION_STATUS: numtests=1

INSTRUMENTATION_STATUS: stream=

com.Gfan.LoginFailCase:

INSTRUMENTATION_STATUS: id=UiAutomatorTestRunner

INSTRUMENTATION_STATUS: test=testCase

INSTRUMENTATION_STATUS: class=com.Gfan.LoginFailCase

INSTRUMENTATION_STATUS: current=1

INSTRUMENTATION_STATUS_CODE: 1

INSTRUMENTATION_STATUS: numtests=1

INSTRUMENTATION_STATUS: stream=

Error in testCase:

com.android.uiautomator.core.UiObjectNotFoundException: UiSelector[RESOURCE_ID=com.mappn.gfan:id/rl_login]

	at com.android.uiautomator.core.UiObject.click(UiObject.java:392)

	at com.Gfan.LoginFailCase.testClickLoginButtton(LoginFailCase.java:41)

	at com.Gfan.LoginFailCase.testCase(LoginFailCase.java:19)

	at com.android.uiautomator.testrunner.UiAutomatorTestRunner.start(UiAutomatorTestRunner.java:160)

	at com.android.uiautomator.testrunner.UiAutomatorTestRunner.run(UiAutomatorTestRunner.java:96)

	at com.android.commands.uiautomator.RunTestCommand.run(RunTestCommand.java:91)

	at com.android.commands.uiautomator.Launcher.main(Launcher.java:83)

	at com.android.internal.os.RuntimeInit.nativeFinishInit(Native Method)

	at com.android.internal.os.RuntimeInit.main(RuntimeInit.java:249)



INSTRUMENTATION_STATUS: id=UiAutomatorTestRunner

INSTRUMENTATION_STATUS: test=testCase

INSTRUMENTATION_STATUS: class=com.Gfan.LoginFailCase

INSTRUMENTATION_STATUS: stack=com.android.uiautomator.core.UiObjectNotFoundException: UiSelector[RESOURCE_ID=com.mappn.gfan:id/rl_login]

	at com.android.uiautomator.core.UiObject.click(UiObject.java:392)

	at com.Gfan.LoginFailCase.testClickLoginButtton(LoginFailCase.java:41)

	at com.Gfan.LoginFailCase.testCase(LoginFailCase.java:19)

	at com.android.uiautomator.testrunner.UiAutomatorTestRunner.start(UiAutomatorTestRunner.java:160)

	at com.android.uiautomator.testrunner.UiAutomatorTestRunner.run(UiAutomatorTestRunner.java:96)

	at com.android.commands.uiautomator.RunTestCommand.run(RunTestCommand.java:91)

	at com.android.commands.uiautomator.Launcher.main(Launcher.java:83)

	at com.android.internal.os.RuntimeInit.nativeFinishInit(Native Method)

	at com.android.internal.os.RuntimeInit.main(RuntimeInit.java:249)



INSTRUMENTATION_STATUS: current=1

INSTRUMENTATION_STATUS_CODE: -1

INSTRUMENTATION_STATUS: stream=

Test results for WatcherResultPrinter=.E

Time: 11.744



FAILURES!!!

Tests run: 1,  Failures: 0,  Errors: 1





INSTRUMENTATION_STATUS_CODE: -1

Updated file D:\Users\xiaohua\workspace\TestCase\build.xml
Buildfile: D:\Users\xiaohua\workspace\TestCase\build.xml

-check-env:
 [checkenv] Android SDK Tools Revision 22.2.1
 [checkenv] Installed at D:\adt-bundle-windows-x86_64-20130917\sdk

-build-setup:
[getbuildtools] Using latest Build Tools: 18.1.0
     [echo] Resolving Build Target for LoginFailCase...
[getuitarget] Project Target:   Android 4.3
[getuitarget] API level:        18
     [echo] ----------
     [echo] Creating output directories if needed...

-pre-compile:

compile:
    [javac] Compiling 1 source file to D:\Users\xiaohua\workspace\TestCase\bin\classes
    [javac] ����: [options] Դֵ1.5�ѹ�ʱ, ����δ�����з��а���ɾ��
    [javac] ����: [options] Ŀ��ֵ1.5�ѹ�ʱ, ����δ�����з��а���ɾ��
    [javac] ����: [options] Ҫ�����й��ѹ�ʱѡ��ľ���, ��ʹ�� -Xlint:-options��
    [javac] 3 ������

-post-compile:

-dex:
      [dex] input: D:\Users\xiaohua\workspace\TestCase\bin\classes
      [dex] Found Deleted Target File
      [dex] Converting compiled files and external libraries into D:\Users\xiaohua\workspace\TestCase\bin\classes.dex...

-post-dex:

-jar:
      [jar] Building jar: D:\Users\xiaohua\workspace\TestCase\bin\LoginFailCase.jar

-post-jar:

build:

BUILD SUCCESSFUL
Total time: 2 seconds
439 KB/s (7202 bytes in 0.016s)
INSTRUMENTATION_STATUS: numtests=1

INSTRUMENTATION_STATUS: stream=

com.Gfan.LoginFailCase:

INSTRUMENTATION_STATUS: id=UiAutomatorTestRunner

INSTRUMENTATION_STATUS: test=testCase

INSTRUMENTATION_STATUS: class=com.Gfan.LoginFailCase

INSTRUMENTATION_STATUS: current=1

INSTRUMENTATION_STATUS_CODE: 1

直接点击登录，登录失败

密码为空，点击登录，登录失败

用户名为空，点击登录，登录失败

INSTRUMENTATION_STATUS: numtests=1

INSTRUMENTATION_STATUS: stream=.

INSTRUMENTATION_STATUS: id=UiAutomatorTestRunner

INSTRUMENTATION_STATUS: test=testCase

INSTRUMENTATION_STATUS: class=com.Gfan.LoginFailCase

INSTRUMENTATION_STATUS: current=1

INSTRUMENTATION_STATUS_CODE: 0

INSTRUMENTATION_STATUS: stream=

Test results for WatcherResultPrinter=.

Time: 14.547



OK (1 test)





INSTRUMENTATION_STATUS_CODE: -1

Updated file D:\Users\xiaohua\workspace\TestCase\build.xml
Buildfile: D:\Users\xiaohua\workspace\TestCase\build.xml

-check-env:
 [checkenv] Android SDK Tools Revision 22.2.1
 [checkenv] Installed at D:\adt-bundle-windows-x86_64-20130917\sdk

-build-setup:
[getbuildtools] Using latest Build Tools: 18.1.0
     [echo] Resolving Build Target for LeftPageCase...
[getuitarget] Project Target:   Android 4.3
[getuitarget] API level:        18
     [echo] ----------
     [echo] Creating output directories if needed...

-pre-compile:

compile:
    [javac] Compiling 2 source files to D:\Users\xiaohua\workspace\TestCase\bin\classes
    [javac] ����: [options] Դֵ1.5�ѹ�ʱ, ����δ�����з��а���ɾ��
    [javac] ����: [options] Ŀ��ֵ1.5�ѹ�ʱ, ����δ�����з��а���ɾ��
    [javac] ����: [options] Ҫ�����й��ѹ�ʱѡ��ľ���, ��ʹ�� -Xlint:-options��
    [javac] 3 ������

-post-compile:

-dex:
      [dex] input: D:\Users\xiaohua\workspace\TestCase\bin\classes
      [dex] Found Deleted Target File
      [dex] Converting compiled files and external libraries into D:\Users\xiaohua\workspace\TestCase\bin\classes.dex...

-post-dex:

-jar:
      [jar] Building jar: D:\Users\xiaohua\workspace\TestCase\bin\LeftPageCase.jar

-post-jar:

build:

BUILD SUCCESSFUL
Total time: 2 seconds
894 KB/s (9163 bytes in 0.010s)
INSTRUMENTATION_STATUS: numtests=1

INSTRUMENTATION_STATUS: stream=

com.Gfan.LeftPageCase:

INSTRUMENTATION_STATUS: id=UiAutomatorTestRunner

INSTRUMENTATION_STATUS: test=testCase

INSTRUMENTATION_STATUS: class=com.Gfan.LeftPageCase

INSTRUMENTATION_STATUS: current=1

INSTRUMENTATION_STATUS_CODE: 1

*****执行清理中  =  执行清理中 *****

*****您的手机已经达到最佳状态  =  您的手机已经达到最佳状态 *****

设置页面子控件个数 = 8

list页面子控件名称为 ：[省流量设置, 提示安装, 2G/3G/4G下载提示, 安装后删除安装包, 自动安装应用, 零流量更新, 一键Root, 检查更新]

直接点击提交按钮，提示：内容不能为空

编辑栏默认文本为： 机锋君随时求吐槽,吐槽别忘写个联系方式,否则机锋君无法回复您呢~

联系方式栏默认文本为： 求联系方式,QQ/邮箱/电话,机锋君第一时间联系你！

INSTRUMENTATION_STATUS: numtests=1

INSTRUMENTATION_STATUS: stream=

Error in testCase:

com.android.uiautomator.core.UiObjectNotFoundException: UiSelector[RESOURCE_ID=com.mappn.gfan:id/home_menu]

	at com.android.uiautomator.core.UiObject.click(UiObject.java:392)

	at com.Gfan.LeftPageCase.testHomeMenu(LeftPageCase.java:54)

	at com.Gfan.LeftPageCase.testEvaluate(LeftPageCase.java:176)

	at com.Gfan.LeftPageCase.testCase(LeftPageCase.java:27)

	at com.android.uiautomator.testrunner.UiAutomatorTestRunner.start(UiAutomatorTestRunner.java:160)

	at com.android.uiautomator.testrunner.UiAutomatorTestRunner.run(UiAutomatorTestRunner.java:96)

	at com.android.commands.uiautomator.RunTestCommand.run(RunTestCommand.java:91)

	at com.android.commands.uiautomator.Launcher.main(Launcher.java:83)

	at com.android.internal.os.RuntimeInit.nativeFinishInit(Native Method)

	at com.android.internal.os.RuntimeInit.main(RuntimeInit.java:249)



INSTRUMENTATION_STATUS: id=UiAutomatorTestRunner

INSTRUMENTATION_STATUS: test=testCase

INSTRUMENTATION_STATUS: class=com.Gfan.LeftPageCase

INSTRUMENTATION_STATUS: stack=com.android.uiautomator.core.UiObjectNotFoundException: UiSelector[RESOURCE_ID=com.mappn.gfan:id/home_menu]

	at com.android.uiautomator.core.UiObject.click(UiObject.java:392)

	at com.Gfan.LeftPageCase.testHomeMenu(LeftPageCase.java:54)

	at com.Gfan.LeftPageCase.testEvaluate(LeftPageCase.java:176)

	at com.Gfan.LeftPageCase.testCase(LeftPageCase.java:27)

	at com.android.uiautomator.testrunner.UiAutomatorTestRunner.start(UiAutomatorTestRunner.java:160)

	at com.android.uiautomator.testrunner.UiAutomatorTestRunner.run(UiAutomatorTestRunner.java:96)

	at com.android.commands.uiautomator.RunTestCommand.run(RunTestCommand.java:91)

	at com.android.commands.uiautomator.Launcher.main(Launcher.java:83)

	at com.android.internal.os.RuntimeInit.nativeFinishInit(Native Method)

	at com.android.internal.os.RuntimeInit.main(RuntimeInit.java:249)



INSTRUMENTATION_STATUS: current=1

INSTRUMENTATION_STATUS_CODE: -1

INSTRUMENTATION_STATUS: stream=

Test results for WatcherResultPrinter=.E

Time: 62.355



FAILURES!!!

Tests run: 1,  Failures: 0,  Errors: 1





INSTRUMENTATION_STATUS_CODE: -1

Updated file D:\Users\xiaohua\workspace\TestCase\build.xml
Buildfile: D:\Users\xiaohua\workspace\TestCase\build.xml

-check-env:
 [checkenv] Android SDK Tools Revision 22.2.1
 [checkenv] Installed at D:\adt-bundle-windows-x86_64-20130917\sdk

-build-setup:
[getbuildtools] Using latest Build Tools: 18.1.0
     [echo] Resolving Build Target for LeftPageCase...
[getuitarget] Project Target:   Android 4.3
[getuitarget] API level:        18
     [echo] ----------
     [echo] Creating output directories if needed...

-pre-compile:

compile:
    [javac] Compiling 1 source file to D:\Users\xiaohua\workspace\TestCase\bin\classes
    [javac] ����: [options] Դֵ1.5�ѹ�ʱ, ����δ�����з��а���ɾ��
    [javac] ����: [options] Ŀ��ֵ1.5�ѹ�ʱ, ����δ�����з��а���ɾ��
    [javac] ����: [options] Ҫ�����й��ѹ�ʱѡ��ľ���, ��ʹ�� -Xlint:-options��
    [javac] 3 ������

-post-compile:

-dex:
      [dex] input: D:\Users\xiaohua\workspace\TestCase\bin\classes
      [dex] Found Deleted Target File
      [dex] Converting compiled files and external libraries into D:\Users\xiaohua\workspace\TestCase\bin\classes.dex...

-post-dex:

-jar:
      [jar] Building jar: D:\Users\xiaohua\workspace\TestCase\bin\LeftPageCase.jar

-post-jar:

build:

BUILD SUCCESSFUL
Total time: 2 seconds
2978 KB/s (9157 bytes in 0.003s)
INSTRUMENTATION_STATUS: numtests=1

INSTRUMENTATION_STATUS: stream=

com.Gfan.LeftPageCase:

INSTRUMENTATION_STATUS: id=UiAutomatorTestRunner

INSTRUMENTATION_STATUS: test=testCase

INSTRUMENTATION_STATUS: class=com.Gfan.LeftPageCase

INSTRUMENTATION_STATUS: current=1

INSTRUMENTATION_STATUS_CODE: 1

*****执行清理中  =  执行清理中 *****

*****您的手机已经达到最佳状态  =  您的手机已经达到最佳状态 *****

设置页面子控件个数 = 8

list页面子控件名称为 ：[省流量设置, 提示安装, 2G/3G/4G下载提示, 安装后删除安装包, 自动安装应用, 零流量更新, 一键Root, 检查更新]

直接点击提交按钮，提示：内容不能为空

编辑栏默认文本为： 机锋君随时求吐槽,吐槽别忘写个联系方式,否则机锋君无法回复您呢~

联系方式栏默认文本为： 求联系方式,QQ/邮箱/电话,机锋君第一时间联系你！

INSTRUMENTATION_STATUS: numtests=1

INSTRUMENTATION_STATUS: stream=

Error in testCase:

com.android.uiautomator.core.UiObjectNotFoundException: UiSelector[RESOURCE_ID=com.mappn.gfan:id/home_menu]

	at com.android.uiautomator.core.UiObject.click(UiObject.java:392)

	at com.Gfan.LeftPageCase.testHomeMenu(LeftPageCase.java:54)

	at com.Gfan.LeftPageCase.testEvaluate(LeftPageCase.java:176)

	at com.Gfan.LeftPageCase.testCase(LeftPageCase.java:27)

	at com.android.uiautomator.testrunner.UiAutomatorTestRunner.start(UiAutomatorTestRunner.java:160)

	at com.android.uiautomator.testrunner.UiAutomatorTestRunner.run(UiAutomatorTestRunner.java:96)

	at com.android.commands.uiautomator.RunTestCommand.run(RunTestCommand.java:91)

	at com.android.commands.uiautomator.Launcher.main(Launcher.java:83)

	at com.android.internal.os.RuntimeInit.nativeFinishInit(Native Method)

	at com.android.internal.os.RuntimeInit.main(RuntimeInit.java:249)



INSTRUMENTATION_STATUS: id=UiAutomatorTestRunner

INSTRUMENTATION_STATUS: test=testCase

INSTRUMENTATION_STATUS: class=com.Gfan.LeftPageCase

INSTRUMENTATION_STATUS: stack=com.android.uiautomator.core.UiObjectNotFoundException: UiSelector[RESOURCE_ID=com.mappn.gfan:id/home_menu]

	at com.android.uiautomator.core.UiObject.click(UiObject.java:392)

	at com.Gfan.LeftPageCase.testHomeMenu(LeftPageCase.java:54)

	at com.Gfan.LeftPageCase.testEvaluate(LeftPageCase.java:176)

	at com.Gfan.LeftPageCase.testCase(LeftPageCase.java:27)

	at com.android.uiautomator.testrunner.UiAutomatorTestRunner.start(UiAutomatorTestRunner.java:160)

	at com.android.uiautomator.testrunner.UiAutomatorTestRunner.run(UiAutomatorTestRunner.java:96)

	at com.android.commands.uiautomator.RunTestCommand.run(RunTestCommand.java:91)

	at com.android.commands.uiautomator.Launcher.main(Launcher.java:83)

	at com.android.internal.os.RuntimeInit.nativeFinishInit(Native Method)

	at com.android.internal.os.RuntimeInit.main(RuntimeInit.java:249)



INSTRUMENTATION_STATUS: current=1

INSTRUMENTATION_STATUS_CODE: -1

INSTRUMENTATION_STATUS: stream=

Test results for WatcherResultPrinter=.E

Time: 63.645



FAILURES!!!

Tests run: 1,  Failures: 0,  Errors: 1





INSTRUMENTATION_STATUS_CODE: -1

Updated file D:\Users\xiaohua\workspace\TestCase\build.xml
Buildfile: D:\Users\xiaohua\workspace\TestCase\build.xml

-check-env:
 [checkenv] Android SDK Tools Revision 22.2.1
 [checkenv] Installed at D:\adt-bundle-windows-x86_64-20130917\sdk

-build-setup:
[getbuildtools] Using latest Build Tools: 18.1.0
     [echo] Resolving Build Target for LeftPageCase...
[getuitarget] Project Target:   Android 4.3
[getuitarget] API level:        18
     [echo] ----------
     [echo] Creating output directories if needed...

-pre-compile:

compile:
    [javac] Compiling 1 source file to D:\Users\xiaohua\workspace\TestCase\bin\classes
    [javac] ����: [options] Դֵ1.5�ѹ�ʱ, ����δ�����з��а���ɾ��
    [javac] ����: [options] Ŀ��ֵ1.5�ѹ�ʱ, ����δ�����з��а���ɾ��
    [javac] ����: [options] Ҫ�����й��ѹ�ʱѡ��ľ���, ��ʹ�� -Xlint:-options��
    [javac] 3 ������

-post-compile:

-dex:
      [dex] input: D:\Users\xiaohua\workspace\TestCase\bin\classes
      [dex] Found Deleted Target File
      [dex] Converting compiled files and external libraries into D:\Users\xiaohua\workspace\TestCase\bin\classes.dex...

-post-dex:

-jar:
      [jar] Building jar: D:\Users\xiaohua\workspace\TestCase\bin\LeftPageCase.jar

-post-jar:

build:

BUILD SUCCESSFUL
Total time: 2 seconds
1277 KB/s (9162 bytes in 0.007s)
INSTRUMENTATION_STATUS: numtests=1

INSTRUMENTATION_STATUS: stream=

com.Gfan.LeftPageCase:

INSTRUMENTATION_STATUS: id=UiAutomatorTestRunner

INSTRUMENTATION_STATUS: test=testCase

INSTRUMENTATION_STATUS: class=com.Gfan.LeftPageCase

INSTRUMENTATION_STATUS: current=1

INSTRUMENTATION_STATUS_CODE: 1

INSTRUMENTATION_STATUS: numtests=1

INSTRUMENTATION_STATUS: stream=

Error in testCase:

com.android.uiautomator.core.UiObjectNotFoundException: UiSelector[RESOURCE_ID=com.mappn.gfan:id/home_menu]

	at com.android.uiautomator.core.UiObject.click(UiObject.java:392)

	at com.Gfan.LeftPageCase.testHomeMenu(LeftPageCase.java:54)

	at com.Gfan.LeftPageCase.testCase(LeftPageCase.java:22)

	at com.android.uiautomator.testrunner.UiAutomatorTestRunner.start(UiAutomatorTestRunner.java:160)

	at com.android.uiautomator.testrunner.UiAutomatorTestRunner.run(UiAutomatorTestRunner.java:96)

	at com.android.commands.uiautomator.RunTestCommand.run(RunTestCommand.java:91)

	at com.android.commands.uiautomator.Launcher.main(Launcher.java:83)

	at com.android.internal.os.RuntimeInit.nativeFinishInit(Native Method)

	at com.android.internal.os.RuntimeInit.main(RuntimeInit.java:249)



INSTRUMENTATION_STATUS: id=UiAutomatorTestRunner

INSTRUMENTATION_STATUS: test=testCase

INSTRUMENTATION_STATUS: class=com.Gfan.LeftPageCase

INSTRUMENTATION_STATUS: stack=com.android.uiautomator.core.UiObjectNotFoundException: UiSelector[RESOURCE_ID=com.mappn.gfan:id/home_menu]

	at com.android.uiautomator.core.UiObject.click(UiObject.java:392)

	at com.Gfan.LeftPageCase.testHomeMenu(LeftPageCase.java:54)

	at com.Gfan.LeftPageCase.testCase(LeftPageCase.java:22)

	at com.android.uiautomator.testrunner.UiAutomatorTestRunner.start(UiAutomatorTestRunner.java:160)

	at com.android.uiautomator.testrunner.UiAutomatorTestRunner.run(UiAutomatorTestRunner.java:96)

	at com.android.commands.uiautomator.RunTestCommand.run(RunTestCommand.java:91)

	at com.android.commands.uiautomator.Launcher.main(Launcher.java:83)

	at com.android.internal.os.RuntimeInit.nativeFinishInit(Native Method)

	at com.android.internal.os.RuntimeInit.main(RuntimeInit.java:249)



INSTRUMENTATION_STATUS: current=1

INSTRUMENTATION_STATUS_CODE: -1

INSTRUMENTATION_STATUS: stream=

Test results for WatcherResultPrinter=.E

Time: 15.276



FAILURES!!!

Tests run: 1,  Failures: 0,  Errors: 1





INSTRUMENTATION_STATUS_CODE: -1

Updated file D:\Users\xiaohua\workspace\TestCase\build.xml
Buildfile: D:\Users\xiaohua\workspace\TestCase\build.xml

-check-env:
 [checkenv] Android SDK Tools Revision 22.2.1
 [checkenv] Installed at D:\adt-bundle-windows-x86_64-20130917\sdk

-build-setup:
[getbuildtools] Using latest Build Tools: 18.1.0
     [echo] Resolving Build Target for LeftPageCase...
[getuitarget] Project Target:   Android 4.3
[getuitarget] API level:        18
     [echo] ----------
     [echo] Creating output directories if needed...

-pre-compile:

compile:

-post-compile:

-dex:
      [dex] input: D:\Users\xiaohua\workspace\TestCase\bin\classes
      [dex] Found Deleted Target File
      [dex] Converting compiled files and external libraries into D:\Users\xiaohua\workspace\TestCase\bin\classes.dex...

-post-dex:

-jar:
      [jar] Building jar: D:\Users\xiaohua\workspace\TestCase\bin\LeftPageCase.jar

-post-jar:

build:

BUILD SUCCESSFUL
Total time: 1 second
1117 KB/s (9162 bytes in 0.008s)
INSTRUMENTATION_STATUS: numtests=1

INSTRUMENTATION_STATUS: stream=

com.Gfan.LeftPageCase:

INSTRUMENTATION_STATUS: id=UiAutomatorTestRunner

INSTRUMENTATION_STATUS: test=testCase

INSTRUMENTATION_STATUS: class=com.Gfan.LeftPageCase

INSTRUMENTATION_STATUS: current=1

INSTRUMENTATION_STATUS_CODE: 1

*****执行清理中  =  执行清理中 *****

*****您的手机已经达到最佳状态  =  您的手机已经达到最佳状态 *****

设置页面子控件个数 = 8

list页面子控件名称为 ：[省流量设置, 提示安装, 2G/3G/4G下载提示, 安装后删除安装包, 自动安装应用, 零流量更新, 一键Root, 检查更新]

直接点击提交按钮，提示：内容不能为空

编辑栏默认文本为： 机锋君随时求吐槽,吐槽别忘写个联系方式,否则机锋君无法回复您呢~

联系方式栏默认文本为： 求联系方式,QQ/邮箱/电话,机锋君第一时间联系你！

INSTRUMENTATION_STATUS: numtests=1

INSTRUMENTATION_STATUS: stream=

Error in testCase:

com.android.uiautomator.core.UiObjectNotFoundException: UiSelector[RESOURCE_ID=com.mappn.gfan:id/home_menu]

	at com.android.uiautomator.core.UiObject.click(UiObject.java:392)

	at com.Gfan.LeftPageCase.testHomeMenu(LeftPageCase.java:54)

	at com.Gfan.LeftPageCase.testEvaluate(LeftPageCase.java:176)

	at com.Gfan.LeftPageCase.testCase(LeftPageCase.java:27)

	at com.android.uiautomator.testrunner.UiAutomatorTestRunner.start(UiAutomatorTestRunner.java:160)

	at com.android.uiautomator.testrunner.UiAutomatorTestRunner.run(UiAutomatorTestRunner.java:96)

	at com.android.commands.uiautomator.RunTestCommand.run(RunTestCommand.java:91)

	at com.android.commands.uiautomator.Launcher.main(Launcher.java:83)

	at com.android.internal.os.RuntimeInit.nativeFinishInit(Native Method)

	at com.android.internal.os.RuntimeInit.main(RuntimeInit.java:249)



INSTRUMENTATION_STATUS: id=UiAutomatorTestRunner

INSTRUMENTATION_STATUS: test=testCase

INSTRUMENTATION_STATUS: class=com.Gfan.LeftPageCase

INSTRUMENTATION_STATUS: stack=com.android.uiautomator.core.UiObjectNotFoundException: UiSelector[RESOURCE_ID=com.mappn.gfan:id/home_menu]

	at com.android.uiautomator.core.UiObject.click(UiObject.java:392)

	at com.Gfan.LeftPageCase.testHomeMenu(LeftPageCase.java:54)

	at com.Gfan.LeftPageCase.testEvaluate(LeftPageCase.java:176)

	at com.Gfan.LeftPageCase.testCase(LeftPageCase.java:27)

	at com.android.uiautomator.testrunner.UiAutomatorTestRunner.start(UiAutomatorTestRunner.java:160)

	at com.android.uiautomator.testrunner.UiAutomatorTestRunner.run(UiAutomatorTestRunner.java:96)

	at com.android.commands.uiautomator.RunTestCommand.run(RunTestCommand.java:91)

	at com.android.commands.uiautomator.Launcher.main(Launcher.java:83)

	at com.android.internal.os.RuntimeInit.nativeFinishInit(Native Method)

	at com.android.internal.os.RuntimeInit.main(RuntimeInit.java:249)



INSTRUMENTATION_STATUS: current=1

INSTRUMENTATION_STATUS_CODE: -1

INSTRUMENTATION_STATUS: stream=

Test results for WatcherResultPrinter=.E

Time: 56.927



FAILURES!!!

Tests run: 1,  Failures: 0,  Errors: 1





INSTRUMENTATION_STATUS_CODE: -1

